{"/Users/darickle/Documents/4110 SWE/CraftMate/craftmate/app/(tabs)/chat.tsx": {"path":"/Users/darickle/Documents/4110 SWE/CraftMate/craftmate/app/(tabs)/chat.tsx","statementMap":{"0":{"start":{"line":31,"column":28},"end":{"line":31,"column":48}},"1":{"start":{"line":32,"column":48},"end":{"line":32,"column":70}},"2":{"start":{"line":33,"column":46},"end":{"line":33,"column":86}},"3":{"start":{"line":34,"column":42},"end":{"line":34,"column":81}},"4":{"start":{"line":35,"column":38},"end":{"line":35,"column":53}},"5":{"start":{"line":36,"column":42},"end":{"line":36,"column":57}},"6":{"start":{"line":37,"column":42},"end":{"line":37,"column":69}},"7":{"start":{"line":38,"column":34},"end":{"line":38,"column":57}},"8":{"start":{"line":39,"column":38},"end":{"line":39,"column":50}},"9":{"start":{"line":40,"column":17},"end":{"line":40,"column":28}},"10":{"start":{"line":41,"column":19},"end":{"line":41,"column":32}},"11":{"start":{"line":42,"column":16},"end":{"line":42,"column":43}},"12":{"start":{"line":43,"column":25},"end":{"line":43,"column":47}},"13":{"start":{"line":46,"column":2},"end":{"line":52,"column":9}},"14":{"start":{"line":47,"column":24},"end":{"line":49,"column":6}},"15":{"start":{"line":48,"column":6},"end":{"line":48,"column":28}},"16":{"start":{"line":51,"column":4},"end":{"line":51,"column":31}},"17":{"start":{"line":51,"column":17},"end":{"line":51,"column":30}},"18":{"start":{"line":55,"column":33},"end":{"line":79,"column":3}},"19":{"start":{"line":56,"column":4},"end":{"line":56,"column":34}},"20":{"start":{"line":56,"column":27},"end":{"line":56,"column":34}},"21":{"start":{"line":58,"column":4},"end":{"line":78,"column":5}},"22":{"start":{"line":60,"column":25},"end":{"line":60,"column":63}},"23":{"start":{"line":61,"column":26},"end":{"line":61,"column":50}},"24":{"start":{"line":63,"column":6},"end":{"line":74,"column":7}},"25":{"start":{"line":64,"column":25},"end":{"line":64,"column":43}},"26":{"start":{"line":65,"column":26},"end":{"line":65,"column":50}},"27":{"start":{"line":66,"column":26},"end":{"line":66,"column":50}},"28":{"start":{"line":69,"column":23},"end":{"line":69,"column":69}},"29":{"start":{"line":69,"column":46},"end":{"line":69,"column":68}},"30":{"start":{"line":70,"column":8},"end":{"line":70,"column":35}},"31":{"start":{"line":72,"column":8},"end":{"line":72,"column":47}},"32":{"start":{"line":73,"column":8},"end":{"line":73,"column":31}},"33":{"start":{"line":76,"column":6},"end":{"line":76,"column":65}},"34":{"start":{"line":77,"column":6},"end":{"line":77,"column":29}},"35":{"start":{"line":82,"column":2},"end":{"line":113,"column":19}},"36":{"start":{"line":83,"column":4},"end":{"line":83,"column":34}},"37":{"start":{"line":83,"column":27},"end":{"line":83,"column":34}},"38":{"start":{"line":86,"column":4},"end":{"line":86,"column":29}},"39":{"start":{"line":89,"column":14},"end":{"line":89,"column":44}},"40":{"start":{"line":90,"column":24},"end":{"line":110,"column":6}},"41":{"start":{"line":91,"column":32},"end":{"line":104,"column":61}},"42":{"start":{"line":93,"column":23},"end":{"line":93,"column":33}},"43":{"start":{"line":94,"column":10},"end":{"line":102,"column":12}},"44":{"start":{"line":104,"column":26},"end":{"line":104,"column":60}},"45":{"start":{"line":106,"column":6},"end":{"line":106,"column":26}},"46":{"start":{"line":109,"column":6},"end":{"line":109,"column":31}},"47":{"start":{"line":112,"column":4},"end":{"line":112,"column":31}},"48":{"start":{"line":112,"column":17},"end":{"line":112,"column":30}},"49":{"start":{"line":116,"column":2},"end":{"line":121,"column":17}},"50":{"start":{"line":117,"column":4},"end":{"line":120,"column":5}},"51":{"start":{"line":118,"column":6},"end":{"line":118,"column":29}},"52":{"start":{"line":119,"column":6},"end":{"line":119,"column":28}},"53":{"start":{"line":124,"column":2},"end":{"line":162,"column":31}},"54":{"start":{"line":125,"column":4},"end":{"line":125,"column":34}},"55":{"start":{"line":125,"column":27},"end":{"line":125,"column":34}},"56":{"start":{"line":127,"column":41},"end":{"line":127,"column":43}},"57":{"start":{"line":129,"column":4},"end":{"line":157,"column":7}},"58":{"start":{"line":131,"column":6},"end":{"line":131,"column":54}},"59":{"start":{"line":131,"column":47},"end":{"line":131,"column":54}},"60":{"start":{"line":133,"column":21},"end":{"line":133,"column":71}},"61":{"start":{"line":134,"column":26},"end":{"line":134,"column":69}},"62":{"start":{"line":137,"column":26},"end":{"line":137,"column":84}},"63":{"start":{"line":138,"column":32},"end":{"line":143,"column":8}},"64":{"start":{"line":139,"column":8},"end":{"line":142,"column":9}},"65":{"start":{"line":140,"column":26},"end":{"line":140,"column":60}},"66":{"start":{"line":141,"column":10},"end":{"line":141,"column":74}},"67":{"start":{"line":141,"column":39},"end":{"line":141,"column":71}},"68":{"start":{"line":146,"column":26},"end":{"line":150,"column":7}},"69":{"start":{"line":152,"column":32},"end":{"line":154,"column":8}},"70":{"start":{"line":153,"column":8},"end":{"line":153,"column":76}},"71":{"start":{"line":153,"column":35},"end":{"line":153,"column":73}},"72":{"start":{"line":156,"column":6},"end":{"line":156,"column":62}},"73":{"start":{"line":159,"column":4},"end":{"line":161,"column":6}},"74":{"start":{"line":160,"column":6},"end":{"line":160,"column":59}},"75":{"start":{"line":160,"column":44},"end":{"line":160,"column":57}},"76":{"start":{"line":165,"column":2},"end":{"line":203,"column":21}},"77":{"start":{"line":166,"column":4},"end":{"line":166,"column":51}},"78":{"start":{"line":166,"column":44},"end":{"line":166,"column":51}},"79":{"start":{"line":168,"column":19},"end":{"line":168,"column":76}},"80":{"start":{"line":169,"column":24},"end":{"line":169,"column":67}},"81":{"start":{"line":170,"column":14},"end":{"line":170,"column":61}},"82":{"start":{"line":172,"column":24},"end":{"line":177,"column":6}},"83":{"start":{"line":173,"column":6},"end":{"line":176,"column":22}},"84":{"start":{"line":173,"column":44},"end":{"line":176,"column":18}},"85":{"start":{"line":180,"column":31},"end":{"line":198,"column":5}},"86":{"start":{"line":181,"column":6},"end":{"line":197,"column":7}},"87":{"start":{"line":182,"column":28},"end":{"line":186,"column":9}},"88":{"start":{"line":188,"column":27},"end":{"line":188,"column":53}},"89":{"start":{"line":190,"column":22},"end":{"line":192,"column":10}},"90":{"start":{"line":191,"column":10},"end":{"line":191,"column":51}},"91":{"start":{"line":194,"column":8},"end":{"line":194,"column":33}},"92":{"start":{"line":196,"column":8},"end":{"line":196,"column":64}},"93":{"start":{"line":200,"column":4},"end":{"line":200,"column":25}},"94":{"start":{"line":202,"column":4},"end":{"line":202,"column":31}},"95":{"start":{"line":202,"column":17},"end":{"line":202,"column":30}},"96":{"start":{"line":206,"column":22},"end":{"line":225,"column":46}},"97":{"start":{"line":207,"column":4},"end":{"line":224,"column":9}},"98":{"start":{"line":208,"column":22},"end":{"line":208,"column":56}},"99":{"start":{"line":210,"column":25},"end":{"line":210,"column":46}},"100":{"start":{"line":211,"column":25},"end":{"line":211,"column":46}},"101":{"start":{"line":214,"column":8},"end":{"line":214,"column":45}},"102":{"start":{"line":214,"column":36},"end":{"line":214,"column":45}},"103":{"start":{"line":215,"column":8},"end":{"line":215,"column":32}},"104":{"start":{"line":215,"column":23},"end":{"line":215,"column":32}},"105":{"start":{"line":216,"column":8},"end":{"line":216,"column":33}},"106":{"start":{"line":216,"column":23},"end":{"line":216,"column":33}},"107":{"start":{"line":219,"column":22},"end":{"line":219,"column":86}},"108":{"start":{"line":220,"column":22},"end":{"line":220,"column":86}},"109":{"start":{"line":223,"column":8},"end":{"line":223,"column":29}},"110":{"start":{"line":228,"column":2},"end":{"line":235,"column":45}},"111":{"start":{"line":229,"column":4},"end":{"line":234,"column":5}},"112":{"start":{"line":231,"column":6},"end":{"line":233,"column":14}},"113":{"start":{"line":232,"column":8},"end":{"line":232,"column":65}},"114":{"start":{"line":237,"column":19},"end":{"line":240,"column":3}},"115":{"start":{"line":238,"column":4},"end":{"line":238,"column":26}},"116":{"start":{"line":239,"column":4},"end":{"line":239,"column":26}},"117":{"start":{"line":242,"column":28},"end":{"line":257,"column":3}},"118":{"start":{"line":243,"column":4},"end":{"line":243,"column":85}},"119":{"start":{"line":243,"column":78},"end":{"line":243,"column":85}},"120":{"start":{"line":245,"column":19},"end":{"line":245,"column":76}},"121":{"start":{"line":246,"column":24},"end":{"line":246,"column":67}},"122":{"start":{"line":248,"column":4},"end":{"line":254,"column":7}},"123":{"start":{"line":256,"column":4},"end":{"line":256,"column":22}},"124":{"start":{"line":259,"column":23},"end":{"line":262,"column":3}},"125":{"start":{"line":260,"column":4},"end":{"line":260,"column":27}},"126":{"start":{"line":261,"column":4},"end":{"line":261,"column":26}},"127":{"start":{"line":265,"column":32},"end":{"line":267,"column":3}},"128":{"start":{"line":266,"column":4},"end":{"line":266,"column":63}},"129":{"start":{"line":269,"column":2},"end":{"line":290,"column":3}},"130":{"start":{"line":271,"column":4},"end":{"line":289,"column":6}},"131":{"start":{"line":282,"column":25},"end":{"line":282,"column":46}},"132":{"start":{"line":293,"column":2},"end":{"line":385,"column":3}},"133":{"start":{"line":294,"column":4},"end":{"line":384,"column":6}},"134":{"start":{"line":317,"column":49},"end":{"line":317,"column":88}},"135":{"start":{"line":330,"column":34},"end":{"line":330,"column":69}},"136":{"start":{"line":332,"column":14},"end":{"line":359,"column":21}},"137":{"start":{"line":362,"column":39},"end":{"line":362,"column":95}},"138":{"start":{"line":363,"column":28},"end":{"line":363,"column":84}},"139":{"start":{"line":388,"column":2},"end":{"line":456,"column":4}},"140":{"start":{"line":400,"column":34},"end":{"line":400,"column":42}},"141":{"start":{"line":402,"column":12},"end":{"line":451,"column":31}},"142":{"start":{"line":409,"column":29},"end":{"line":409,"column":43}},"143":{"start":{"line":459,"column":15},"end":{"line":616,"column":2}}},"fnMap":{"0":{"name":"ChatListScreen","decl":{"start":{"line":30,"column":24},"end":{"line":30,"column":38}},"loc":{"start":{"line":30,"column":41},"end":{"line":457,"column":1}},"line":30},"1":{"name":"(anonymous_1)","decl":{"start":{"line":46,"column":12},"end":{"line":46,"column":13}},"loc":{"start":{"line":46,"column":18},"end":{"line":52,"column":3}},"line":46},"2":{"name":"(anonymous_2)","decl":{"start":{"line":47,"column":49},"end":{"line":47,"column":50}},"loc":{"start":{"line":47,"column":59},"end":{"line":49,"column":5}},"line":47},"3":{"name":"(anonymous_3)","decl":{"start":{"line":51,"column":11},"end":{"line":51,"column":12}},"loc":{"start":{"line":51,"column":17},"end":{"line":51,"column":30}},"line":51},"4":{"name":"(anonymous_4)","decl":{"start":{"line":55,"column":33},"end":{"line":55,"column":34}},"loc":{"start":{"line":55,"column":45},"end":{"line":79,"column":3}},"line":55},"5":{"name":"(anonymous_5)","decl":{"start":{"line":69,"column":40},"end":{"line":69,"column":41}},"loc":{"start":{"line":69,"column":46},"end":{"line":69,"column":68}},"line":69},"6":{"name":"(anonymous_6)","decl":{"start":{"line":82,"column":12},"end":{"line":82,"column":13}},"loc":{"start":{"line":82,"column":18},"end":{"line":113,"column":3}},"line":82},"7":{"name":"(anonymous_7)","decl":{"start":{"line":90,"column":38},"end":{"line":90,"column":39}},"loc":{"start":{"line":90,"column":52},"end":{"line":110,"column":5}},"line":90},"8":{"name":"(anonymous_8)","decl":{"start":{"line":92,"column":13},"end":{"line":92,"column":14}},"loc":{"start":{"line":92,"column":22},"end":{"line":103,"column":9}},"line":92},"9":{"name":"(anonymous_9)","decl":{"start":{"line":104,"column":16},"end":{"line":104,"column":17}},"loc":{"start":{"line":104,"column":26},"end":{"line":104,"column":60}},"line":104},"10":{"name":"(anonymous_10)","decl":{"start":{"line":112,"column":11},"end":{"line":112,"column":12}},"loc":{"start":{"line":112,"column":17},"end":{"line":112,"column":30}},"line":112},"11":{"name":"(anonymous_11)","decl":{"start":{"line":116,"column":12},"end":{"line":116,"column":13}},"loc":{"start":{"line":116,"column":18},"end":{"line":121,"column":3}},"line":116},"12":{"name":"(anonymous_12)","decl":{"start":{"line":124,"column":12},"end":{"line":124,"column":13}},"loc":{"start":{"line":124,"column":18},"end":{"line":162,"column":3}},"line":124},"13":{"name":"(anonymous_13)","decl":{"start":{"line":129,"column":18},"end":{"line":129,"column":19}},"loc":{"start":{"line":129,"column":28},"end":{"line":157,"column":5}},"line":129},"14":{"name":"(anonymous_14)","decl":{"start":{"line":138,"column":56},"end":{"line":138,"column":57}},"loc":{"start":{"line":138,"column":70},"end":{"line":143,"column":7}},"line":138},"15":{"name":"(anonymous_15)","decl":{"start":{"line":141,"column":28},"end":{"line":141,"column":29}},"loc":{"start":{"line":141,"column":39},"end":{"line":141,"column":71}},"line":141},"16":{"name":"(anonymous_16)","decl":{"start":{"line":152,"column":56},"end":{"line":152,"column":57}},"loc":{"start":{"line":152,"column":70},"end":{"line":154,"column":7}},"line":152},"17":{"name":"(anonymous_17)","decl":{"start":{"line":153,"column":24},"end":{"line":153,"column":25}},"loc":{"start":{"line":153,"column":35},"end":{"line":153,"column":73}},"line":153},"18":{"name":"(anonymous_18)","decl":{"start":{"line":159,"column":11},"end":{"line":159,"column":12}},"loc":{"start":{"line":159,"column":17},"end":{"line":161,"column":5}},"line":159},"19":{"name":"(anonymous_19)","decl":{"start":{"line":160,"column":27},"end":{"line":160,"column":28}},"loc":{"start":{"line":160,"column":44},"end":{"line":160,"column":57}},"line":160},"20":{"name":"(anonymous_20)","decl":{"start":{"line":165,"column":12},"end":{"line":165,"column":13}},"loc":{"start":{"line":165,"column":18},"end":{"line":203,"column":3}},"line":165},"21":{"name":"(anonymous_21)","decl":{"start":{"line":172,"column":38},"end":{"line":172,"column":39}},"loc":{"start":{"line":172,"column":52},"end":{"line":177,"column":5}},"line":172},"22":{"name":"(anonymous_22)","decl":{"start":{"line":173,"column":36},"end":{"line":173,"column":37}},"loc":{"start":{"line":173,"column":44},"end":{"line":176,"column":18}},"line":173},"23":{"name":"(anonymous_23)","decl":{"start":{"line":180,"column":31},"end":{"line":180,"column":32}},"loc":{"start":{"line":180,"column":43},"end":{"line":198,"column":5}},"line":180},"24":{"name":"(anonymous_24)","decl":{"start":{"line":190,"column":42},"end":{"line":190,"column":43}},"loc":{"start":{"line":190,"column":57},"end":{"line":192,"column":9}},"line":190},"25":{"name":"(anonymous_25)","decl":{"start":{"line":202,"column":11},"end":{"line":202,"column":12}},"loc":{"start":{"line":202,"column":17},"end":{"line":202,"column":30}},"line":202},"26":{"name":"(anonymous_26)","decl":{"start":{"line":206,"column":30},"end":{"line":206,"column":31}},"loc":{"start":{"line":206,"column":36},"end":{"line":225,"column":3}},"line":206},"27":{"name":"(anonymous_27)","decl":{"start":{"line":208,"column":14},"end":{"line":208,"column":15}},"loc":{"start":{"line":208,"column":22},"end":{"line":208,"column":56}},"line":208},"28":{"name":"(anonymous_28)","decl":{"start":{"line":209,"column":12},"end":{"line":209,"column":13}},"loc":{"start":{"line":209,"column":22},"end":{"line":224,"column":7}},"line":209},"29":{"name":"(anonymous_29)","decl":{"start":{"line":228,"column":12},"end":{"line":228,"column":13}},"loc":{"start":{"line":228,"column":18},"end":{"line":235,"column":3}},"line":228},"30":{"name":"(anonymous_30)","decl":{"start":{"line":231,"column":17},"end":{"line":231,"column":18}},"loc":{"start":{"line":231,"column":23},"end":{"line":233,"column":7}},"line":231},"31":{"name":"(anonymous_31)","decl":{"start":{"line":237,"column":19},"end":{"line":237,"column":20}},"loc":{"start":{"line":237,"column":35},"end":{"line":240,"column":3}},"line":237},"32":{"name":"(anonymous_32)","decl":{"start":{"line":242,"column":28},"end":{"line":242,"column":29}},"loc":{"start":{"line":242,"column":40},"end":{"line":257,"column":3}},"line":242},"33":{"name":"(anonymous_33)","decl":{"start":{"line":259,"column":23},"end":{"line":259,"column":24}},"loc":{"start":{"line":259,"column":29},"end":{"line":262,"column":3}},"line":259},"34":{"name":"(anonymous_34)","decl":{"start":{"line":265,"column":32},"end":{"line":265,"column":33}},"loc":{"start":{"line":265,"column":52},"end":{"line":267,"column":3}},"line":265},"35":{"name":"(anonymous_35)","decl":{"start":{"line":282,"column":19},"end":{"line":282,"column":20}},"loc":{"start":{"line":282,"column":25},"end":{"line":282,"column":46}},"line":282},"36":{"name":"(anonymous_36)","decl":{"start":{"line":317,"column":43},"end":{"line":317,"column":44}},"loc":{"start":{"line":317,"column":49},"end":{"line":317,"column":88}},"line":317},"37":{"name":"(anonymous_37)","decl":{"start":{"line":330,"column":26},"end":{"line":330,"column":27}},"loc":{"start":{"line":330,"column":34},"end":{"line":330,"column":69}},"line":330},"38":{"name":"(anonymous_38)","decl":{"start":{"line":331,"column":24},"end":{"line":331,"column":25}},"loc":{"start":{"line":332,"column":14},"end":{"line":359,"column":21}},"line":332},"39":{"name":"(anonymous_39)","decl":{"start":{"line":362,"column":33},"end":{"line":362,"column":34}},"loc":{"start":{"line":362,"column":39},"end":{"line":362,"column":95}},"line":362},"40":{"name":"(anonymous_40)","decl":{"start":{"line":363,"column":22},"end":{"line":363,"column":23}},"loc":{"start":{"line":363,"column":28},"end":{"line":363,"column":84}},"line":363},"41":{"name":"(anonymous_41)","decl":{"start":{"line":400,"column":24},"end":{"line":400,"column":25}},"loc":{"start":{"line":400,"column":34},"end":{"line":400,"column":42}},"line":400},"42":{"name":"(anonymous_42)","decl":{"start":{"line":401,"column":22},"end":{"line":401,"column":23}},"loc":{"start":{"line":402,"column":12},"end":{"line":451,"column":31}},"line":402},"43":{"name":"(anonymous_43)","decl":{"start":{"line":409,"column":23},"end":{"line":409,"column":24}},"loc":{"start":{"line":409,"column":29},"end":{"line":409,"column":43}},"line":409}},"branchMap":{"0":{"loc":{"start":{"line":42,"column":16},"end":{"line":42,"column":43}},"type":"binary-expr","locations":[{"start":{"line":42,"column":16},"end":{"line":42,"column":32}},{"start":{"line":42,"column":36},"end":{"line":42,"column":43}}],"line":42},"1":{"loc":{"start":{"line":56,"column":4},"end":{"line":56,"column":34}},"type":"if","locations":[{"start":{"line":56,"column":4},"end":{"line":56,"column":34}},{"start":{},"end":{}}],"line":56},"2":{"loc":{"start":{"line":63,"column":6},"end":{"line":74,"column":7}},"type":"if","locations":[{"start":{"line":63,"column":6},"end":{"line":74,"column":7}},{"start":{"line":71,"column":13},"end":{"line":74,"column":7}}],"line":63},"3":{"loc":{"start":{"line":65,"column":26},"end":{"line":65,"column":50}},"type":"binary-expr","locations":[{"start":{"line":65,"column":26},"end":{"line":65,"column":44}},{"start":{"line":65,"column":48},"end":{"line":65,"column":50}}],"line":65},"4":{"loc":{"start":{"line":66,"column":26},"end":{"line":66,"column":50}},"type":"binary-expr","locations":[{"start":{"line":66,"column":26},"end":{"line":66,"column":44}},{"start":{"line":66,"column":48},"end":{"line":66,"column":50}}],"line":66},"5":{"loc":{"start":{"line":83,"column":4},"end":{"line":83,"column":34}},"type":"if","locations":[{"start":{"line":83,"column":4},"end":{"line":83,"column":34}},{"start":{},"end":{}}],"line":83},"6":{"loc":{"start":{"line":96,"column":22},"end":{"line":96,"column":48}},"type":"binary-expr","locations":[{"start":{"line":96,"column":22},"end":{"line":96,"column":35}},{"start":{"line":96,"column":39},"end":{"line":96,"column":48}}],"line":96},"7":{"loc":{"start":{"line":97,"column":23},"end":{"line":97,"column":43}},"type":"binary-expr","locations":[{"start":{"line":97,"column":23},"end":{"line":97,"column":37}},{"start":{"line":97,"column":41},"end":{"line":97,"column":43}}],"line":97},"8":{"loc":{"start":{"line":98,"column":22},"end":{"line":98,"column":41}},"type":"binary-expr","locations":[{"start":{"line":98,"column":22},"end":{"line":98,"column":35}},{"start":{"line":98,"column":39},"end":{"line":98,"column":41}}],"line":98},"9":{"loc":{"start":{"line":99,"column":26},"end":{"line":99,"column":80}},"type":"binary-expr","locations":[{"start":{"line":99,"column":26},"end":{"line":99,"column":43}},{"start":{"line":99,"column":47},"end":{"line":99,"column":80}}],"line":99},"10":{"loc":{"start":{"line":100,"column":23},"end":{"line":100,"column":43}},"type":"binary-expr","locations":[{"start":{"line":100,"column":23},"end":{"line":100,"column":37}},{"start":{"line":100,"column":41},"end":{"line":100,"column":43}}],"line":100},"11":{"loc":{"start":{"line":101,"column":23},"end":{"line":101,"column":43}},"type":"binary-expr","locations":[{"start":{"line":101,"column":23},"end":{"line":101,"column":37}},{"start":{"line":101,"column":41},"end":{"line":101,"column":43}}],"line":101},"12":{"loc":{"start":{"line":117,"column":4},"end":{"line":120,"column":5}},"type":"if","locations":[{"start":{"line":117,"column":4},"end":{"line":120,"column":5}},{"start":{},"end":{}}],"line":117},"13":{"loc":{"start":{"line":117,"column":8},"end":{"line":117,"column":44}},"type":"binary-expr","locations":[{"start":{"line":117,"column":8},"end":{"line":117,"column":28}},{"start":{"line":117,"column":32},"end":{"line":117,"column":44}}],"line":117},"14":{"loc":{"start":{"line":125,"column":4},"end":{"line":125,"column":34}},"type":"if","locations":[{"start":{"line":125,"column":4},"end":{"line":125,"column":34}},{"start":{},"end":{}}],"line":125},"15":{"loc":{"start":{"line":131,"column":6},"end":{"line":131,"column":54}},"type":"if","locations":[{"start":{"line":131,"column":6},"end":{"line":131,"column":54}},{"start":{},"end":{}}],"line":131},"16":{"loc":{"start":{"line":139,"column":8},"end":{"line":142,"column":9}},"type":"if","locations":[{"start":{"line":139,"column":8},"end":{"line":142,"column":9}},{"start":{},"end":{}}],"line":139},"17":{"loc":{"start":{"line":166,"column":4},"end":{"line":166,"column":51}},"type":"if","locations":[{"start":{"line":166,"column":4},"end":{"line":166,"column":51}},{"start":{},"end":{}}],"line":166},"18":{"loc":{"start":{"line":166,"column":8},"end":{"line":166,"column":42}},"type":"binary-expr","locations":[{"start":{"line":166,"column":8},"end":{"line":166,"column":21}},{"start":{"line":166,"column":25},"end":{"line":166,"column":42}}],"line":166},"19":{"loc":{"start":{"line":214,"column":8},"end":{"line":214,"column":45}},"type":"if","locations":[{"start":{"line":214,"column":8},"end":{"line":214,"column":45}},{"start":{},"end":{}}],"line":214},"20":{"loc":{"start":{"line":214,"column":12},"end":{"line":214,"column":34}},"type":"binary-expr","locations":[{"start":{"line":214,"column":12},"end":{"line":214,"column":21}},{"start":{"line":214,"column":25},"end":{"line":214,"column":34}}],"line":214},"21":{"loc":{"start":{"line":215,"column":8},"end":{"line":215,"column":32}},"type":"if","locations":[{"start":{"line":215,"column":8},"end":{"line":215,"column":32}},{"start":{},"end":{}}],"line":215},"22":{"loc":{"start":{"line":216,"column":8},"end":{"line":216,"column":33}},"type":"if","locations":[{"start":{"line":216,"column":8},"end":{"line":216,"column":33}},{"start":{},"end":{}}],"line":216},"23":{"loc":{"start":{"line":219,"column":22},"end":{"line":219,"column":86}},"type":"cond-expr","locations":[{"start":{"line":219,"column":53},"end":{"line":219,"column":82}},{"start":{"line":219,"column":85},"end":{"line":219,"column":86}}],"line":219},"24":{"loc":{"start":{"line":220,"column":22},"end":{"line":220,"column":86}},"type":"cond-expr","locations":[{"start":{"line":220,"column":53},"end":{"line":220,"column":82}},{"start":{"line":220,"column":85},"end":{"line":220,"column":86}}],"line":220},"25":{"loc":{"start":{"line":229,"column":4},"end":{"line":234,"column":5}},"type":"if","locations":[{"start":{"line":229,"column":4},"end":{"line":234,"column":5}},{"start":{},"end":{}}],"line":229},"26":{"loc":{"start":{"line":229,"column":8},"end":{"line":229,"column":53}},"type":"binary-expr","locations":[{"start":{"line":229,"column":8},"end":{"line":229,"column":30}},{"start":{"line":229,"column":34},"end":{"line":229,"column":53}}],"line":229},"27":{"loc":{"start":{"line":243,"column":4},"end":{"line":243,"column":85}},"type":"if","locations":[{"start":{"line":243,"column":4},"end":{"line":243,"column":85}},{"start":{},"end":{}}],"line":243},"28":{"loc":{"start":{"line":243,"column":8},"end":{"line":243,"column":76}},"type":"binary-expr","locations":[{"start":{"line":243,"column":8},"end":{"line":243,"column":21}},{"start":{"line":243,"column":25},"end":{"line":243,"column":42}},{"start":{"line":243,"column":46},"end":{"line":243,"column":76}}],"line":243},"29":{"loc":{"start":{"line":269,"column":2},"end":{"line":290,"column":3}},"type":"if","locations":[{"start":{"line":269,"column":2},"end":{"line":290,"column":3}},{"start":{},"end":{}}],"line":269},"30":{"loc":{"start":{"line":278,"column":29},"end":{"line":278,"column":70}},"type":"cond-expr","locations":[{"start":{"line":278,"column":49},"end":{"line":278,"column":58}},{"start":{"line":278,"column":61},"end":{"line":278,"column":70}}],"line":278},"31":{"loc":{"start":{"line":293,"column":2},"end":{"line":385,"column":3}},"type":"if","locations":[{"start":{"line":293,"column":2},"end":{"line":385,"column":3}},{"start":{},"end":{}}],"line":293},"32":{"loc":{"start":{"line":293,"column":6},"end":{"line":293,"column":34}},"type":"binary-expr","locations":[{"start":{"line":293,"column":6},"end":{"line":293,"column":18}},{"start":{"line":293,"column":22},"end":{"line":293,"column":34}}],"line":293},"33":{"loc":{"start":{"line":297,"column":18},"end":{"line":297,"column":62}},"type":"cond-expr","locations":[{"start":{"line":297,"column":42},"end":{"line":297,"column":51}},{"start":{"line":297,"column":54},"end":{"line":297,"column":62}}],"line":297},"34":{"loc":{"start":{"line":298,"column":32},"end":{"line":298,"column":62}},"type":"cond-expr","locations":[{"start":{"line":298,"column":56},"end":{"line":298,"column":57}},{"start":{"line":298,"column":60},"end":{"line":298,"column":62}}],"line":298},"35":{"loc":{"start":{"line":330,"column":34},"end":{"line":330,"column":69}},"type":"binary-expr","locations":[{"start":{"line":330,"column":34},"end":{"line":330,"column":41}},{"start":{"line":330,"column":45},"end":{"line":330,"column":69}}],"line":330},"36":{"loc":{"start":{"line":334,"column":16},"end":{"line":334,"column":114}},"type":"cond-expr","locations":[{"start":{"line":334,"column":58},"end":{"line":334,"column":83}},{"start":{"line":334,"column":86},"end":{"line":334,"column":114}}],"line":334},"37":{"loc":{"start":{"line":339,"column":20},"end":{"line":339,"column":100}},"type":"cond-expr","locations":[{"start":{"line":339,"column":62},"end":{"line":339,"column":78}},{"start":{"line":339,"column":81},"end":{"line":339,"column":100}}],"line":339},"38":{"loc":{"start":{"line":341,"column":39},"end":{"line":343,"column":63}},"type":"cond-expr","locations":[{"start":{"line":342,"column":26},"end":{"line":342,"column":35}},{"start":{"line":343,"column":27},"end":{"line":343,"column":62}}],"line":341},"39":{"loc":{"start":{"line":343,"column":27},"end":{"line":343,"column":62}},"type":"cond-expr","locations":[{"start":{"line":343,"column":47},"end":{"line":343,"column":53}},{"start":{"line":343,"column":56},"end":{"line":343,"column":62}}],"line":343},"40":{"loc":{"start":{"line":344,"column":29},"end":{"line":346,"column":44}},"type":"cond-expr","locations":[{"start":{"line":345,"column":26},"end":{"line":345,"column":32}},{"start":{"line":346,"column":26},"end":{"line":346,"column":44}}],"line":344},"41":{"loc":{"start":{"line":354,"column":17},"end":{"line":358,"column":17}},"type":"binary-expr","locations":[{"start":{"line":354,"column":17},"end":{"line":354,"column":56}},{"start":{"line":355,"column":18},"end":{"line":357,"column":25}}],"line":354},"42":{"loc":{"start":{"line":356,"column":21},"end":{"line":356,"column":53}},"type":"cond-expr","locations":[{"start":{"line":356,"column":33},"end":{"line":356,"column":39}},{"start":{"line":356,"column":42},"end":{"line":356,"column":53}}],"line":356},"43":{"loc":{"start":{"line":391,"column":7},"end":{"line":454,"column":7}},"type":"cond-expr","locations":[{"start":{"line":392,"column":8},"end":{"line":396,"column":15}},{"start":{"line":398,"column":8},"end":{"line":453,"column":10}}],"line":391},"44":{"loc":{"start":{"line":406,"column":35},"end":{"line":406,"column":76}},"type":"cond-expr","locations":[{"start":{"line":406,"column":55},"end":{"line":406,"column":64}},{"start":{"line":406,"column":67},"end":{"line":406,"column":76}}],"line":406},"45":{"loc":{"start":{"line":413,"column":17},"end":{"line":420,"column":17}},"type":"binary-expr","locations":[{"start":{"line":413,"column":17},"end":{"line":413,"column":43}},{"start":{"line":414,"column":18},"end":{"line":419,"column":20}}],"line":413},"46":{"loc":{"start":{"line":431,"column":31},"end":{"line":431,"column":66}},"type":"cond-expr","locations":[{"start":{"line":431,"column":51},"end":{"line":431,"column":57}},{"start":{"line":431,"column":60},"end":{"line":431,"column":66}}],"line":431},"47":{"loc":{"start":{"line":436,"column":21},"end":{"line":436,"column":74}},"type":"binary-expr","locations":[{"start":{"line":436,"column":21},"end":{"line":436,"column":34}},{"start":{"line":436,"column":38},"end":{"line":436,"column":74}}],"line":436},"48":{"loc":{"start":{"line":442,"column":31},"end":{"line":442,"column":66}},"type":"cond-expr","locations":[{"start":{"line":442,"column":51},"end":{"line":442,"column":57}},{"start":{"line":442,"column":60},"end":{"line":442,"column":66}}],"line":442},"49":{"loc":{"start":{"line":447,"column":21},"end":{"line":447,"column":75}},"type":"binary-expr","locations":[{"start":{"line":447,"column":21},"end":{"line":447,"column":51}},{"start":{"line":447,"column":55},"end":{"line":447,"column":75}}],"line":447}},"s":{"0":3,"1":3,"2":3,"3":3,"4":3,"5":3,"6":3,"7":3,"8":3,"9":3,"10":3,"11":3,"12":3,"13":3,"14":1,"15":1,"16":1,"17":1,"18":3,"19":2,"20":0,"21":2,"22":2,"23":2,"24":2,"25":2,"26":2,"27":2,"28":2,"29":4,"30":2,"31":0,"32":0,"33":0,"34":0,"35":3,"36":2,"37":0,"38":2,"39":2,"40":2,"41":0,"42":0,"43":0,"44":0,"45":0,"46":0,"47":2,"48":2,"49":3,"50":1,"51":0,"52":0,"53":3,"54":2,"55":0,"56":2,"57":2,"58":0,"59":0,"60":0,"61":0,"62":0,"63":0,"64":0,"65":0,"66":0,"67":0,"68":0,"69":0,"70":0,"71":0,"72":0,"73":2,"74":2,"75":0,"76":3,"77":1,"78":1,"79":0,"80":0,"81":0,"82":0,"83":0,"84":0,"85":0,"86":0,"87":0,"88":0,"89":0,"90":0,"91":0,"92":0,"93":0,"94":0,"95":0,"96":3,"97":2,"98":0,"99":0,"100":0,"101":0,"102":0,"103":0,"104":0,"105":0,"106":0,"107":0,"108":0,"109":0,"110":3,"111":1,"112":0,"113":0,"114":3,"115":0,"116":0,"117":3,"118":0,"119":0,"120":0,"121":0,"122":0,"123":0,"124":3,"125":0,"126":0,"127":3,"128":0,"129":3,"130":1,"131":0,"132":2,"133":0,"134":0,"135":0,"136":0,"137":0,"138":0,"139":2,"140":0,"141":0,"142":0,"143":1},"f":{"0":3,"1":1,"2":1,"3":1,"4":2,"5":4,"6":2,"7":0,"8":0,"9":0,"10":2,"11":1,"12":2,"13":0,"14":0,"15":0,"16":0,"17":0,"18":2,"19":0,"20":1,"21":0,"22":0,"23":0,"24":0,"25":0,"26":2,"27":0,"28":0,"29":1,"30":0,"31":0,"32":0,"33":0,"34":0,"35":0,"36":0,"37":0,"38":0,"39":0,"40":0,"41":0,"42":0,"43":0},"b":{"0":[3,0],"1":[0,2],"2":[2,0],"3":[2,0],"4":[2,0],"5":[0,2],"6":[0,0],"7":[0,0],"8":[0,0],"9":[0,0],"10":[0,0],"11":[0,0],"12":[0,1],"13":[1,1],"14":[0,2],"15":[0,0],"16":[0,0],"17":[1,0],"18":[1,0],"19":[0,0],"20":[0,0],"21":[0,0],"22":[0,0],"23":[0,0],"24":[0,0],"25":[0,1],"26":[1,0],"27":[0,0],"28":[0,0,0],"29":[1,2],"30":[1,0],"31":[0,2],"32":[2,0],"33":[0,0],"34":[0,0],"35":[0,0],"36":[0,0],"37":[0,0],"38":[0,0],"39":[0,0],"40":[0,0],"41":[0,0],"42":[0,0],"43":[2,0],"44":[0,0],"45":[0,0],"46":[0,0],"47":[0,0],"48":[0,0],"49":[0,0]},"_coverageSchema":"1a1c01bbd47fc00a2c39e90264f33305004495a9","hash":"ac312b40a8483134904a2b98a453d2e2d4492983"}
,"/Users/darickle/Documents/4110 SWE/CraftMate/craftmate/assets/images/PortraitPlaceholder.png": {"path":"/Users/darickle/Documents/4110 SWE/CraftMate/craftmate/assets/images/PortraitPlaceholder.png","statementMap":{"0":{"start":{"line":1,"column":0},"end":{"line":4,"column":6}}},"fnMap":{},"branchMap":{},"s":{"0":1},"f":{},"b":{},"_coverageSchema":"1a1c01bbd47fc00a2c39e90264f33305004495a9","hash":"b62f99c70dc32668fa7a752d1be569004080df15"}
,"/Users/darickle/Documents/4110 SWE/CraftMate/craftmate/components/LoginScreen.styles.ts": {"path":"/Users/darickle/Documents/4110 SWE/CraftMate/craftmate/components/LoginScreen.styles.ts","statementMap":{"0":{"start":{"line":3,"column":15},"end":{"line":193,"column":2}}},"fnMap":{},"branchMap":{},"s":{"0":1},"f":{},"b":{},"_coverageSchema":"1a1c01bbd47fc00a2c39e90264f33305004495a9","hash":"adb4fa5747fffbd003ee93e0672fd1cb5dd65ed3"}
,"/Users/darickle/Documents/4110 SWE/CraftMate/craftmate/components/LoginScreen.tsx": {"path":"/Users/darickle/Documents/4110 SWE/CraftMate/craftmate/components/LoginScreen.tsx","statementMap":{"0":{"start":{"line":16,"column":20},"end":{"line":23,"column":1}},"1":{"start":{"line":25,"column":20},"end":{"line":37,"column":1}},"2":{"start":{"line":26,"column":2},"end":{"line":36,"column":3}},"3":{"start":{"line":27,"column":19},"end":{"line":29,"column":6}},"4":{"start":{"line":30,"column":26},"end":{"line":30,"column":70}},"5":{"start":{"line":31,"column":21},"end":{"line":31,"column":73}},"6":{"start":{"line":32,"column":4},"end":{"line":32,"column":47}},"7":{"start":{"line":34,"column":4},"end":{"line":34,"column":62}},"8":{"start":{"line":35,"column":4},"end":{"line":35,"column":14}},"9":{"start":{"line":54,"column":28},"end":{"line":54,"column":40}},"10":{"start":{"line":55,"column":34},"end":{"line":55,"column":46}},"11":{"start":{"line":56,"column":26},"end":{"line":56,"column":53}},"12":{"start":{"line":57,"column":32},"end":{"line":67,"column":4}},"13":{"start":{"line":68,"column":38},"end":{"line":68,"column":53}},"14":{"start":{"line":69,"column":32},"end":{"line":69,"column":44}},"15":{"start":{"line":70,"column":36},"end":{"line":70,"column":60}},"16":{"start":{"line":72,"column":16},"end":{"line":72,"column":43}},"17":{"start":{"line":73,"column":17},"end":{"line":73,"column":28}},"18":{"start":{"line":75,"column":2},"end":{"line":87,"column":9}},"19":{"start":{"line":76,"column":24},"end":{"line":85,"column":6}},"20":{"start":{"line":77,"column":6},"end":{"line":84,"column":7}},"21":{"start":{"line":78,"column":8},"end":{"line":78,"column":22}},"22":{"start":{"line":79,"column":8},"end":{"line":79,"column":41}},"23":{"start":{"line":81,"column":8},"end":{"line":81,"column":51}},"24":{"start":{"line":83,"column":8},"end":{"line":83,"column":22}},"25":{"start":{"line":86,"column":4},"end":{"line":86,"column":23}},"26":{"start":{"line":89,"column":27},"end":{"line":132,"column":3}},"27":{"start":{"line":90,"column":4},"end":{"line":131,"column":5}},"28":{"start":{"line":91,"column":22},"end":{"line":91,"column":43}},"29":{"start":{"line":92,"column":23},"end":{"line":92,"column":44}},"30":{"start":{"line":94,"column":6},"end":{"line":127,"column":7}},"31":{"start":{"line":95,"column":21},"end":{"line":95,"column":43}},"32":{"start":{"line":96,"column":8},"end":{"line":105,"column":11}},"33":{"start":{"line":106,"column":8},"end":{"line":106,"column":35}},"34":{"start":{"line":109,"column":27},"end":{"line":109,"column":85}},"35":{"start":{"line":110,"column":30},"end":{"line":110,"column":55}},"36":{"start":{"line":111,"column":22},"end":{"line":114,"column":25}},"37":{"start":{"line":111,"column":53},"end":{"line":114,"column":9}},"38":{"start":{"line":117,"column":8},"end":{"line":121,"column":11}},"39":{"start":{"line":118,"column":24},"end":{"line":118,"column":116}},"40":{"start":{"line":119,"column":24},"end":{"line":119,"column":116}},"41":{"start":{"line":120,"column":10},"end":{"line":120,"column":51}},"42":{"start":{"line":123,"column":8},"end":{"line":123,"column":28}},"43":{"start":{"line":126,"column":8},"end":{"line":126,"column":59}},"44":{"start":{"line":129,"column":6},"end":{"line":129,"column":59}},"45":{"start":{"line":130,"column":6},"end":{"line":130,"column":69}},"46":{"start":{"line":134,"column":24},"end":{"line":152,"column":3}},"47":{"start":{"line":142,"column":4},"end":{"line":142,"column":22}},"48":{"start":{"line":142,"column":15},"end":{"line":142,"column":22}},"49":{"start":{"line":143,"column":4},"end":{"line":151,"column":5}},"50":{"start":{"line":144,"column":22},"end":{"line":144,"column":48}},"51":{"start":{"line":145,"column":6},"end":{"line":145,"column":40}},"52":{"start":{"line":146,"column":6},"end":{"line":146,"column":54}},"53":{"start":{"line":146,"column":28},"end":{"line":146,"column":51}},"54":{"start":{"line":147,"column":6},"end":{"line":147,"column":64}},"55":{"start":{"line":149,"column":6},"end":{"line":149,"column":54}},"56":{"start":{"line":150,"column":6},"end":{"line":150,"column":71}},"57":{"start":{"line":154,"column":31},"end":{"line":172,"column":3}},"58":{"start":{"line":155,"column":4},"end":{"line":171,"column":5}},"59":{"start":{"line":156,"column":22},"end":{"line":156,"column":43}},"60":{"start":{"line":157,"column":23},"end":{"line":157,"column":44}},"61":{"start":{"line":159,"column":6},"end":{"line":165,"column":7}},"62":{"start":{"line":161,"column":8},"end":{"line":161,"column":55}},"63":{"start":{"line":164,"column":8},"end":{"line":164,"column":52}},"64":{"start":{"line":168,"column":6},"end":{"line":168,"column":58}},"65":{"start":{"line":168,"column":26},"end":{"line":168,"column":55}},"66":{"start":{"line":170,"column":6},"end":{"line":170,"column":60}},"67":{"start":{"line":174,"column":22},"end":{"line":193,"column":3}},"68":{"start":{"line":175,"column":4},"end":{"line":192,"column":5}},"69":{"start":{"line":176,"column":29},"end":{"line":180,"column":7}},"70":{"start":{"line":181,"column":19},"end":{"line":181,"column":38}},"71":{"start":{"line":182,"column":6},"end":{"line":186,"column":9}},"72":{"start":{"line":187,"column":6},"end":{"line":187,"column":20}},"73":{"start":{"line":188,"column":6},"end":{"line":188,"column":39}},"74":{"start":{"line":191,"column":6},"end":{"line":191,"column":81}},"75":{"start":{"line":195,"column":24},"end":{"line":204,"column":3}},"76":{"start":{"line":196,"column":4},"end":{"line":203,"column":5}},"77":{"start":{"line":198,"column":6},"end":{"line":198,"column":50}},"78":{"start":{"line":199,"column":6},"end":{"line":199,"column":26}},"79":{"start":{"line":200,"column":6},"end":{"line":200,"column":20}},"80":{"start":{"line":201,"column":6},"end":{"line":201,"column":140}},"81":{"start":{"line":202,"column":6},"end":{"line":202,"column":59}},"82":{"start":{"line":206,"column":26},"end":{"line":241,"column":3}},"83":{"start":{"line":207,"column":4},"end":{"line":240,"column":5}},"84":{"start":{"line":208,"column":21},"end":{"line":213,"column":8}},"85":{"start":{"line":215,"column":6},"end":{"line":232,"column":7}},"86":{"start":{"line":217,"column":29},"end":{"line":221,"column":9}},"87":{"start":{"line":224,"column":28},"end":{"line":224,"column":63}},"88":{"start":{"line":227,"column":8},"end":{"line":227,"column":59}},"89":{"start":{"line":229,"column":8},"end":{"line":229,"column":73}},"90":{"start":{"line":231,"column":8},"end":{"line":231,"column":65}},"91":{"start":{"line":234,"column":6},"end":{"line":234,"column":51}},"92":{"start":{"line":235,"column":6},"end":{"line":239,"column":9}},"93":{"start":{"line":243,"column":34},"end":{"line":245,"column":3}},"94":{"start":{"line":244,"column":4},"end":{"line":244,"column":84}},"95":{"start":{"line":247,"column":34},"end":{"line":249,"column":3}},"96":{"start":{"line":248,"column":4},"end":{"line":248,"column":84}},"97":{"start":{"line":252,"column":26},"end":{"line":255,"column":3}},"98":{"start":{"line":253,"column":4},"end":{"line":253,"column":42}},"99":{"start":{"line":254,"column":4},"end":{"line":254,"column":25}},"100":{"start":{"line":257,"column":20},"end":{"line":263,"column":3}},"101":{"start":{"line":258,"column":4},"end":{"line":258,"column":22}},"102":{"start":{"line":258,"column":15},"end":{"line":258,"column":22}},"103":{"start":{"line":259,"column":17},"end":{"line":261,"column":30}},"104":{"start":{"line":260,"column":35},"end":{"line":260,"column":44}},"105":{"start":{"line":262,"column":4},"end":{"line":262,"column":34}},"106":{"start":{"line":265,"column":23},"end":{"line":272,"column":3}},"107":{"start":{"line":266,"column":4},"end":{"line":271,"column":7}},"108":{"start":{"line":267,"column":6},"end":{"line":267,"column":23}},"109":{"start":{"line":267,"column":16},"end":{"line":267,"column":23}},"110":{"start":{"line":268,"column":22},"end":{"line":268,"column":32}},"111":{"start":{"line":269,"column":6},"end":{"line":269,"column":61}},"112":{"start":{"line":269,"column":54},"end":{"line":269,"column":61}},"113":{"start":{"line":270,"column":6},"end":{"line":270,"column":64}},"114":{"start":{"line":274,"column":20},"end":{"line":274,"column":54}},"115":{"start":{"line":276,"column":2},"end":{"line":292,"column":4}},"116":{"start":{"line":279,"column":29},"end":{"line":283,"column":7}},"117":{"start":{"line":280,"column":8},"end":{"line":282,"column":9}},"118":{"start":{"line":281,"column":10},"end":{"line":281,"column":43}},"119":{"start":{"line":285,"column":6},"end":{"line":285,"column":23}},"120":{"start":{"line":287,"column":6},"end":{"line":290,"column":8}},"121":{"start":{"line":294,"column":25},"end":{"line":343,"column":3}},"122":{"start":{"line":295,"column":4},"end":{"line":342,"column":5}},"123":{"start":{"line":296,"column":6},"end":{"line":299,"column":7}},"124":{"start":{"line":297,"column":8},"end":{"line":297,"column":78}},"125":{"start":{"line":298,"column":8},"end":{"line":298,"column":15}},"126":{"start":{"line":301,"column":22},"end":{"line":301,"column":46}},"127":{"start":{"line":302,"column":22},"end":{"line":302,"column":43}},"128":{"start":{"line":304,"column":6},"end":{"line":307,"column":7}},"129":{"start":{"line":305,"column":8},"end":{"line":305,"column":46}},"130":{"start":{"line":306,"column":8},"end":{"line":306,"column":15}},"131":{"start":{"line":309,"column":23},"end":{"line":309,"column":37}},"132":{"start":{"line":310,"column":22},"end":{"line":310,"column":45}},"133":{"start":{"line":313,"column":6},"end":{"line":323,"column":7}},"134":{"start":{"line":314,"column":8},"end":{"line":317,"column":11}},"135":{"start":{"line":316,"column":51},"end":{"line":316,"column":67}},"136":{"start":{"line":319,"column":8},"end":{"line":322,"column":11}},"137":{"start":{"line":326,"column":27},"end":{"line":338,"column":8}},"138":{"start":{"line":327,"column":8},"end":{"line":336,"column":9}},"139":{"start":{"line":328,"column":26},"end":{"line":328,"column":67}},"140":{"start":{"line":329,"column":10},"end":{"line":335,"column":12}},"141":{"start":{"line":333,"column":50},"end":{"line":333,"column":65}},"142":{"start":{"line":337,"column":8},"end":{"line":337,"column":20}},"143":{"start":{"line":339,"column":6},"end":{"line":339,"column":33}},"144":{"start":{"line":341,"column":6},"end":{"line":341,"column":49}},"145":{"start":{"line":345,"column":27},"end":{"line":383,"column":3}},"146":{"start":{"line":346,"column":4},"end":{"line":349,"column":5}},"147":{"start":{"line":347,"column":6},"end":{"line":347,"column":70}},"148":{"start":{"line":348,"column":6},"end":{"line":348,"column":13}},"149":{"start":{"line":351,"column":4},"end":{"line":382,"column":6}},"150":{"start":{"line":362,"column":12},"end":{"line":378,"column":13}},"151":{"start":{"line":363,"column":14},"end":{"line":363,"column":56}},"152":{"start":{"line":366,"column":30},"end":{"line":366,"column":56}},"153":{"start":{"line":367,"column":14},"end":{"line":370,"column":17}},"154":{"start":{"line":373,"column":14},"end":{"line":373,"column":73}},"155":{"start":{"line":373,"column":52},"end":{"line":373,"column":70}},"156":{"start":{"line":374,"column":14},"end":{"line":374,"column":82}},"157":{"start":{"line":376,"column":14},"end":{"line":376,"column":59}},"158":{"start":{"line":377,"column":14},"end":{"line":377,"column":76}},"159":{"start":{"line":385,"column":25},"end":{"line":387,"column":3}},"160":{"start":{"line":386,"column":4},"end":{"line":386,"column":54}},"161":{"start":{"line":389,"column":25},"end":{"line":493,"column":5}},"162":{"start":{"line":390,"column":21},"end":{"line":392,"column":62}},"163":{"start":{"line":396,"column":6},"end":{"line":492,"column":8}},"164":{"start":{"line":404,"column":27},"end":{"line":404,"column":50}},"165":{"start":{"line":405,"column":31},"end":{"line":405,"column":56}},"166":{"start":{"line":453,"column":31},"end":{"line":453,"column":54}},"167":{"start":{"line":482,"column":31},"end":{"line":482,"column":54}},"168":{"start":{"line":496,"column":4},"end":{"line":652,"column":3}},"169":{"start":{"line":497,"column":6},"end":{"line":651,"column":6}},"170":{"start":{"line":553,"column":20},"end":{"line":564,"column":27}},"171":{"start":{"line":622,"column":27},"end":{"line":622,"column":59}},"172":{"start":{"line":637,"column":40},"end":{"line":637,"column":47}},"173":{"start":{"line":640,"column":18},"end":{"line":640,"column":120}},"174":{"start":{"line":655,"column":2},"end":{"line":696,"column":4}}},"fnMap":{"0":{"name":"(anonymous_0)","decl":{"start":{"line":25,"column":20},"end":{"line":25,"column":21}},"loc":{"start":{"line":25,"column":60},"end":{"line":37,"column":1}},"line":25},"1":{"name":"LoginScreen","decl":{"start":{"line":53,"column":24},"end":{"line":53,"column":35}},"loc":{"start":{"line":53,"column":38},"end":{"line":697,"column":1}},"line":53},"2":{"name":"(anonymous_2)","decl":{"start":{"line":75,"column":12},"end":{"line":75,"column":13}},"loc":{"start":{"line":75,"column":18},"end":{"line":87,"column":3}},"line":75},"3":{"name":"(anonymous_3)","decl":{"start":{"line":76,"column":48},"end":{"line":76,"column":49}},"loc":{"start":{"line":76,"column":64},"end":{"line":85,"column":5}},"line":76},"4":{"name":"(anonymous_4)","decl":{"start":{"line":89,"column":27},"end":{"line":89,"column":28}},"loc":{"start":{"line":89,"column":50},"end":{"line":132,"column":3}},"line":89},"5":{"name":"(anonymous_5)","decl":{"start":{"line":111,"column":45},"end":{"line":111,"column":46}},"loc":{"start":{"line":111,"column":53},"end":{"line":114,"column":9}},"line":111},"6":{"name":"(anonymous_6)","decl":{"start":{"line":117,"column":19},"end":{"line":117,"column":20}},"loc":{"start":{"line":117,"column":29},"end":{"line":121,"column":9}},"line":117},"7":{"name":"(anonymous_7)","decl":{"start":{"line":134,"column":24},"end":{"line":134,"column":25}},"loc":{"start":{"line":141,"column":7},"end":{"line":152,"column":3}},"line":141},"8":{"name":"(anonymous_8)","decl":{"start":{"line":146,"column":17},"end":{"line":146,"column":18}},"loc":{"start":{"line":146,"column":28},"end":{"line":146,"column":51}},"line":146},"9":{"name":"(anonymous_9)","decl":{"start":{"line":154,"column":31},"end":{"line":154,"column":32}},"loc":{"start":{"line":154,"column":71},"end":{"line":172,"column":3}},"line":154},"10":{"name":"(anonymous_10)","decl":{"start":{"line":168,"column":17},"end":{"line":168,"column":18}},"loc":{"start":{"line":168,"column":26},"end":{"line":168,"column":55}},"line":168},"11":{"name":"(anonymous_11)","decl":{"start":{"line":174,"column":22},"end":{"line":174,"column":23}},"loc":{"start":{"line":174,"column":34},"end":{"line":193,"column":3}},"line":174},"12":{"name":"(anonymous_12)","decl":{"start":{"line":195,"column":24},"end":{"line":195,"column":25}},"loc":{"start":{"line":195,"column":36},"end":{"line":204,"column":3}},"line":195},"13":{"name":"(anonymous_13)","decl":{"start":{"line":206,"column":26},"end":{"line":206,"column":27}},"loc":{"start":{"line":206,"column":38},"end":{"line":241,"column":3}},"line":206},"14":{"name":"(anonymous_14)","decl":{"start":{"line":243,"column":34},"end":{"line":243,"column":35}},"loc":{"start":{"line":243,"column":40},"end":{"line":245,"column":3}},"line":243},"15":{"name":"(anonymous_15)","decl":{"start":{"line":247,"column":34},"end":{"line":247,"column":35}},"loc":{"start":{"line":247,"column":40},"end":{"line":249,"column":3}},"line":247},"16":{"name":"(anonymous_16)","decl":{"start":{"line":252,"column":26},"end":{"line":252,"column":27}},"loc":{"start":{"line":252,"column":38},"end":{"line":255,"column":3}},"line":252},"17":{"name":"(anonymous_17)","decl":{"start":{"line":257,"column":20},"end":{"line":257,"column":21}},"loc":{"start":{"line":257,"column":43},"end":{"line":263,"column":3}},"line":257},"18":{"name":"(anonymous_18)","decl":{"start":{"line":260,"column":28},"end":{"line":260,"column":29}},"loc":{"start":{"line":260,"column":35},"end":{"line":260,"column":44}},"line":260},"19":{"name":"(anonymous_19)","decl":{"start":{"line":265,"column":23},"end":{"line":265,"column":24}},"loc":{"start":{"line":265,"column":29},"end":{"line":272,"column":3}},"line":265},"20":{"name":"(anonymous_20)","decl":{"start":{"line":266,"column":48},"end":{"line":266,"column":49}},"loc":{"start":{"line":266,"column":63},"end":{"line":271,"column":5}},"line":266},"21":{"name":"(anonymous_21)","decl":{"start":{"line":277,"column":16},"end":{"line":277,"column":17}},"loc":{"start":{"line":277,"column":22},"end":{"line":291,"column":5}},"line":277},"22":{"name":"(anonymous_22)","decl":{"start":{"line":279,"column":29},"end":{"line":279,"column":30}},"loc":{"start":{"line":279,"column":41},"end":{"line":283,"column":7}},"line":279},"23":{"name":"(anonymous_23)","decl":{"start":{"line":287,"column":13},"end":{"line":287,"column":14}},"loc":{"start":{"line":287,"column":19},"end":{"line":290,"column":7}},"line":287},"24":{"name":"(anonymous_24)","decl":{"start":{"line":294,"column":25},"end":{"line":294,"column":26}},"loc":{"start":{"line":294,"column":51},"end":{"line":343,"column":3}},"line":294},"25":{"name":"(anonymous_25)","decl":{"start":{"line":316,"column":34},"end":{"line":316,"column":35}},"loc":{"start":{"line":316,"column":51},"end":{"line":316,"column":67}},"line":316},"26":{"name":"(anonymous_26)","decl":{"start":{"line":326,"column":41},"end":{"line":326,"column":42}},"loc":{"start":{"line":326,"column":49},"end":{"line":338,"column":7}},"line":326},"27":{"name":"(anonymous_27)","decl":{"start":{"line":333,"column":44},"end":{"line":333,"column":45}},"loc":{"start":{"line":333,"column":50},"end":{"line":333,"column":65}},"line":333},"28":{"name":"(anonymous_28)","decl":{"start":{"line":345,"column":27},"end":{"line":345,"column":28}},"loc":{"start":{"line":345,"column":53},"end":{"line":383,"column":3}},"line":345},"29":{"name":"(anonymous_29)","decl":{"start":{"line":361,"column":19},"end":{"line":361,"column":20}},"loc":{"start":{"line":361,"column":31},"end":{"line":379,"column":11}},"line":361},"30":{"name":"(anonymous_30)","decl":{"start":{"line":373,"column":44},"end":{"line":373,"column":45}},"loc":{"start":{"line":373,"column":52},"end":{"line":373,"column":70}},"line":373},"31":{"name":"(anonymous_31)","decl":{"start":{"line":385,"column":25},"end":{"line":385,"column":26}},"loc":{"start":{"line":385,"column":45},"end":{"line":387,"column":3}},"line":385},"32":{"name":"(anonymous_32)","decl":{"start":{"line":389,"column":25},"end":{"line":389,"column":26}},"loc":{"start":{"line":389,"column":59},"end":{"line":493,"column":5}},"line":389},"33":{"name":"(anonymous_33)","decl":{"start":{"line":404,"column":21},"end":{"line":404,"column":22}},"loc":{"start":{"line":404,"column":27},"end":{"line":404,"column":50}},"line":404},"34":{"name":"(anonymous_34)","decl":{"start":{"line":405,"column":25},"end":{"line":405,"column":26}},"loc":{"start":{"line":405,"column":31},"end":{"line":405,"column":56}},"line":405},"35":{"name":"(anonymous_35)","decl":{"start":{"line":453,"column":25},"end":{"line":453,"column":26}},"loc":{"start":{"line":453,"column":31},"end":{"line":453,"column":54}},"line":453},"36":{"name":"(anonymous_36)","decl":{"start":{"line":482,"column":25},"end":{"line":482,"column":26}},"loc":{"start":{"line":482,"column":31},"end":{"line":482,"column":54}},"line":482},"37":{"name":"(anonymous_37)","decl":{"start":{"line":552,"column":36},"end":{"line":552,"column":37}},"loc":{"start":{"line":553,"column":20},"end":{"line":564,"column":27}},"line":553},"38":{"name":"(anonymous_38)","decl":{"start":{"line":622,"column":21},"end":{"line":622,"column":22}},"loc":{"start":{"line":622,"column":27},"end":{"line":622,"column":59}},"line":622},"39":{"name":"(anonymous_39)","decl":{"start":{"line":637,"column":30},"end":{"line":637,"column":31}},"loc":{"start":{"line":637,"column":40},"end":{"line":637,"column":47}},"line":637},"40":{"name":"(anonymous_40)","decl":{"start":{"line":639,"column":40},"end":{"line":639,"column":41}},"loc":{"start":{"line":640,"column":18},"end":{"line":640,"column":120}},"line":640}},"branchMap":{"0":{"loc":{"start":{"line":30,"column":26},"end":{"line":30,"column":70}},"type":"binary-expr","locations":[{"start":{"line":30,"column":26},"end":{"line":30,"column":61}},{"start":{"line":30,"column":65},"end":{"line":30,"column":70}}],"line":30},"1":{"loc":{"start":{"line":31,"column":21},"end":{"line":31,"column":73}},"type":"cond-expr","locations":[{"start":{"line":31,"column":47},"end":{"line":31,"column":58}},{"start":{"line":31,"column":61},"end":{"line":31,"column":73}}],"line":31},"2":{"loc":{"start":{"line":72,"column":16},"end":{"line":72,"column":43}},"type":"binary-expr","locations":[{"start":{"line":72,"column":16},"end":{"line":72,"column":32}},{"start":{"line":72,"column":36},"end":{"line":72,"column":43}}],"line":72},"3":{"loc":{"start":{"line":77,"column":6},"end":{"line":84,"column":7}},"type":"if","locations":[{"start":{"line":77,"column":6},"end":{"line":84,"column":7}},{"start":{"line":82,"column":13},"end":{"line":84,"column":7}}],"line":77},"4":{"loc":{"start":{"line":94,"column":6},"end":{"line":127,"column":7}},"type":"if","locations":[{"start":{"line":94,"column":6},"end":{"line":127,"column":7}},{"start":{"line":124,"column":13},"end":{"line":127,"column":7}}],"line":94},"5":{"loc":{"start":{"line":98,"column":19},"end":{"line":98,"column":39}},"type":"binary-expr","locations":[{"start":{"line":98,"column":19},"end":{"line":98,"column":33}},{"start":{"line":98,"column":37},"end":{"line":98,"column":39}}],"line":98},"6":{"loc":{"start":{"line":98,"column":43},"end":{"line":98,"column":62}},"type":"binary-expr","locations":[{"start":{"line":98,"column":43},"end":{"line":98,"column":56}},{"start":{"line":98,"column":60},"end":{"line":98,"column":62}}],"line":98},"7":{"loc":{"start":{"line":99,"column":20},"end":{"line":99,"column":39}},"type":"binary-expr","locations":[{"start":{"line":99,"column":20},"end":{"line":99,"column":33}},{"start":{"line":99,"column":37},"end":{"line":99,"column":39}}],"line":99},"8":{"loc":{"start":{"line":100,"column":16},"end":{"line":100,"column":31}},"type":"binary-expr","locations":[{"start":{"line":100,"column":16},"end":{"line":100,"column":25}},{"start":{"line":100,"column":29},"end":{"line":100,"column":31}}],"line":100},"9":{"loc":{"start":{"line":101,"column":20},"end":{"line":101,"column":42}},"type":"binary-expr","locations":[{"start":{"line":101,"column":20},"end":{"line":101,"column":33}},{"start":{"line":101,"column":37},"end":{"line":101,"column":42}}],"line":101},"10":{"loc":{"start":{"line":102,"column":21},"end":{"line":102,"column":41}},"type":"binary-expr","locations":[{"start":{"line":102,"column":21},"end":{"line":102,"column":35}},{"start":{"line":102,"column":39},"end":{"line":102,"column":41}}],"line":102},"11":{"loc":{"start":{"line":103,"column":21},"end":{"line":103,"column":41}},"type":"binary-expr","locations":[{"start":{"line":103,"column":21},"end":{"line":103,"column":35}},{"start":{"line":103,"column":39},"end":{"line":103,"column":41}}],"line":103},"12":{"loc":{"start":{"line":104,"column":17},"end":{"line":104,"column":33}},"type":"binary-expr","locations":[{"start":{"line":104,"column":17},"end":{"line":104,"column":27}},{"start":{"line":104,"column":31},"end":{"line":104,"column":33}}],"line":104},"13":{"loc":{"start":{"line":106,"column":19},"end":{"line":106,"column":33}},"type":"binary-expr","locations":[{"start":{"line":106,"column":19},"end":{"line":106,"column":27}},{"start":{"line":106,"column":31},"end":{"line":106,"column":33}}],"line":106},"14":{"loc":{"start":{"line":118,"column":24},"end":{"line":118,"column":116}},"type":"cond-expr","locations":[{"start":{"line":118,"column":54},"end":{"line":118,"column":65}},{"start":{"line":118,"column":68},"end":{"line":118,"column":116}}],"line":118},"15":{"loc":{"start":{"line":118,"column":68},"end":{"line":118,"column":116}},"type":"binary-expr","locations":[{"start":{"line":118,"column":68},"end":{"line":118,"column":91}},{"start":{"line":118,"column":95},"end":{"line":118,"column":116}}],"line":118},"16":{"loc":{"start":{"line":119,"column":24},"end":{"line":119,"column":116}},"type":"cond-expr","locations":[{"start":{"line":119,"column":54},"end":{"line":119,"column":65}},{"start":{"line":119,"column":68},"end":{"line":119,"column":116}}],"line":119},"17":{"loc":{"start":{"line":119,"column":68},"end":{"line":119,"column":116}},"type":"binary-expr","locations":[{"start":{"line":119,"column":68},"end":{"line":119,"column":91}},{"start":{"line":119,"column":95},"end":{"line":119,"column":116}}],"line":119},"18":{"loc":{"start":{"line":142,"column":4},"end":{"line":142,"column":22}},"type":"if","locations":[{"start":{"line":142,"column":4},"end":{"line":142,"column":22}},{"start":{},"end":{}}],"line":142},"19":{"loc":{"start":{"line":159,"column":6},"end":{"line":165,"column":7}},"type":"if","locations":[{"start":{"line":159,"column":6},"end":{"line":165,"column":7}},{"start":{"line":162,"column":13},"end":{"line":165,"column":7}}],"line":159},"20":{"loc":{"start":{"line":196,"column":4},"end":{"line":203,"column":5}},"type":"if","locations":[{"start":{"line":196,"column":4},"end":{"line":203,"column":5}},{"start":{},"end":{}}],"line":196},"21":{"loc":{"start":{"line":215,"column":6},"end":{"line":232,"column":7}},"type":"if","locations":[{"start":{"line":215,"column":6},"end":{"line":232,"column":7}},{"start":{"line":230,"column":13},"end":{"line":232,"column":7}}],"line":215},"22":{"loc":{"start":{"line":215,"column":10},"end":{"line":215,"column":71}},"type":"binary-expr","locations":[{"start":{"line":215,"column":10},"end":{"line":215,"column":26}},{"start":{"line":215,"column":30},"end":{"line":215,"column":43}},{"start":{"line":215,"column":47},"end":{"line":215,"column":71}}],"line":215},"23":{"loc":{"start":{"line":238,"column":15},"end":{"line":238,"column":56}},"type":"binary-expr","locations":[{"start":{"line":238,"column":15},"end":{"line":238,"column":28}},{"start":{"line":238,"column":32},"end":{"line":238,"column":56}}],"line":238},"24":{"loc":{"start":{"line":258,"column":4},"end":{"line":258,"column":22}},"type":"if","locations":[{"start":{"line":258,"column":4},"end":{"line":258,"column":22}},{"start":{},"end":{}}],"line":258},"25":{"loc":{"start":{"line":259,"column":17},"end":{"line":261,"column":30}},"type":"cond-expr","locations":[{"start":{"line":260,"column":8},"end":{"line":260,"column":45}},{"start":{"line":261,"column":8},"end":{"line":261,"column":30}}],"line":259},"26":{"loc":{"start":{"line":267,"column":6},"end":{"line":267,"column":23}},"type":"if","locations":[{"start":{"line":267,"column":6},"end":{"line":267,"column":23}},{"start":{},"end":{}}],"line":267},"27":{"loc":{"start":{"line":269,"column":6},"end":{"line":269,"column":61}},"type":"if","locations":[{"start":{"line":269,"column":6},"end":{"line":269,"column":61}},{"start":{},"end":{}}],"line":269},"28":{"loc":{"start":{"line":269,"column":10},"end":{"line":269,"column":52}},"type":"binary-expr","locations":[{"start":{"line":269,"column":10},"end":{"line":269,"column":18}},{"start":{"line":269,"column":22},"end":{"line":269,"column":52}}],"line":269},"29":{"loc":{"start":{"line":274,"column":20},"end":{"line":274,"column":54}},"type":"cond-expr","locations":[{"start":{"line":274,"column":39},"end":{"line":274,"column":45}},{"start":{"line":274,"column":48},"end":{"line":274,"column":54}}],"line":274},"30":{"loc":{"start":{"line":280,"column":8},"end":{"line":282,"column":9}},"type":"if","locations":[{"start":{"line":280,"column":8},"end":{"line":282,"column":9}},{"start":{},"end":{}}],"line":280},"31":{"loc":{"start":{"line":296,"column":6},"end":{"line":299,"column":7}},"type":"if","locations":[{"start":{"line":296,"column":6},"end":{"line":299,"column":7}},{"start":{},"end":{}}],"line":296},"32":{"loc":{"start":{"line":304,"column":6},"end":{"line":307,"column":7}},"type":"if","locations":[{"start":{"line":304,"column":6},"end":{"line":307,"column":7}},{"start":{},"end":{}}],"line":304},"33":{"loc":{"start":{"line":310,"column":22},"end":{"line":310,"column":45}},"type":"binary-expr","locations":[{"start":{"line":310,"column":22},"end":{"line":310,"column":39}},{"start":{"line":310,"column":43},"end":{"line":310,"column":45}}],"line":310},"34":{"loc":{"start":{"line":313,"column":6},"end":{"line":323,"column":7}},"type":"if","locations":[{"start":{"line":313,"column":6},"end":{"line":323,"column":7}},{"start":{"line":318,"column":13},"end":{"line":323,"column":7}}],"line":313},"35":{"loc":{"start":{"line":327,"column":8},"end":{"line":336,"column":9}},"type":"if","locations":[{"start":{"line":327,"column":8},"end":{"line":336,"column":9}},{"start":{},"end":{}}],"line":327},"36":{"loc":{"start":{"line":328,"column":26},"end":{"line":328,"column":67}},"type":"binary-expr","locations":[{"start":{"line":328,"column":26},"end":{"line":328,"column":58}},{"start":{"line":328,"column":62},"end":{"line":328,"column":67}}],"line":328},"37":{"loc":{"start":{"line":331,"column":19},"end":{"line":331,"column":60}},"type":"cond-expr","locations":[{"start":{"line":331,"column":29},"end":{"line":331,"column":43}},{"start":{"line":331,"column":46},"end":{"line":331,"column":60}}],"line":331},"38":{"loc":{"start":{"line":332,"column":21},"end":{"line":334,"column":51}},"type":"cond-expr","locations":[{"start":{"line":333,"column":16},"end":{"line":333,"column":66}},{"start":{"line":334,"column":16},"end":{"line":334,"column":51}}],"line":332},"39":{"loc":{"start":{"line":333,"column":17},"end":{"line":333,"column":35}},"type":"binary-expr","locations":[{"start":{"line":333,"column":17},"end":{"line":333,"column":29}},{"start":{"line":333,"column":33},"end":{"line":333,"column":35}}],"line":333},"40":{"loc":{"start":{"line":334,"column":21},"end":{"line":334,"column":39}},"type":"binary-expr","locations":[{"start":{"line":334,"column":21},"end":{"line":334,"column":33}},{"start":{"line":334,"column":37},"end":{"line":334,"column":39}}],"line":334},"41":{"loc":{"start":{"line":346,"column":4},"end":{"line":349,"column":5}},"type":"if","locations":[{"start":{"line":346,"column":4},"end":{"line":349,"column":5}},{"start":{},"end":{}}],"line":346},"42":{"loc":{"start":{"line":390,"column":21},"end":{"line":392,"column":62}},"type":"cond-expr","locations":[{"start":{"line":391,"column":8},"end":{"line":391,"column":22}},{"start":{"line":392,"column":8},"end":{"line":392,"column":62}}],"line":390},"43":{"loc":{"start":{"line":392,"column":8},"end":{"line":392,"column":62}},"type":"binary-expr","locations":[{"start":{"line":392,"column":8},"end":{"line":392,"column":34}},{"start":{"line":392,"column":38},"end":{"line":392,"column":62}}],"line":392},"44":{"loc":{"start":{"line":416,"column":20},"end":{"line":418,"column":75}},"type":"cond-expr","locations":[{"start":{"line":417,"column":24},"end":{"line":417,"column":50}},{"start":{"line":418,"column":24},"end":{"line":418,"column":75}}],"line":416},"45":{"loc":{"start":{"line":433,"column":13},"end":{"line":435,"column":13}},"type":"binary-expr","locations":[{"start":{"line":433,"column":13},"end":{"line":433,"column":24}},{"start":{"line":433,"column":28},"end":{"line":433,"column":50}},{"start":{"line":434,"column":14},"end":{"line":434,"column":130}}],"line":433},"46":{"loc":{"start":{"line":449,"column":35},"end":{"line":451,"column":40}},"type":"cond-expr","locations":[{"start":{"line":450,"column":22},"end":{"line":450,"column":31}},{"start":{"line":451,"column":22},"end":{"line":451,"column":40}}],"line":449},"47":{"loc":{"start":{"line":456,"column":24},"end":{"line":456,"column":93}},"type":"cond-expr","locations":[{"start":{"line":456,"column":60},"end":{"line":456,"column":71}},{"start":{"line":456,"column":74},"end":{"line":456,"column":93}}],"line":456},"48":{"loc":{"start":{"line":458,"column":25},"end":{"line":458,"column":106}},"type":"cond-expr","locations":[{"start":{"line":458,"column":61},"end":{"line":458,"column":85}},{"start":{"line":458,"column":88},"end":{"line":458,"column":106}}],"line":458},"49":{"loc":{"start":{"line":464,"column":25},"end":{"line":464,"column":106}},"type":"cond-expr","locations":[{"start":{"line":464,"column":61},"end":{"line":464,"column":85}},{"start":{"line":464,"column":88},"end":{"line":464,"column":106}}],"line":464},"50":{"loc":{"start":{"line":486,"column":19},"end":{"line":486,"column":37}},"type":"binary-expr","locations":[{"start":{"line":486,"column":19},"end":{"line":486,"column":32}},{"start":{"line":486,"column":36},"end":{"line":486,"column":37}}],"line":486},"51":{"loc":{"start":{"line":496,"column":4},"end":{"line":652,"column":3}},"type":"if","locations":[{"start":{"line":496,"column":4},"end":{"line":652,"column":3}},{"start":{},"end":{}}],"line":496},"52":{"loc":{"start":{"line":502,"column":15},"end":{"line":502,"column":44}},"type":"binary-expr","locations":[{"start":{"line":502,"column":15},"end":{"line":502,"column":31}},{"start":{"line":502,"column":35},"end":{"line":502,"column":44}}],"line":502},"53":{"loc":{"start":{"line":528,"column":23},"end":{"line":530,"column":79}},"type":"cond-expr","locations":[{"start":{"line":529,"column":22},"end":{"line":529,"column":42}},{"start":{"line":530,"column":22},"end":{"line":530,"column":79}}],"line":528},"54":{"loc":{"start":{"line":530,"column":22},"end":{"line":530,"column":79}},"type":"binary-expr","locations":[{"start":{"line":530,"column":22},"end":{"line":530,"column":42}},{"start":{"line":530,"column":46},"end":{"line":530,"column":79}}],"line":530},"55":{"loc":{"start":{"line":549,"column":13},"end":{"line":568,"column":13}},"type":"binary-expr","locations":[{"start":{"line":549,"column":13},"end":{"line":549,"column":36}},{"start":{"line":550,"column":14},"end":{"line":567,"column":21}}],"line":549},"56":{"loc":{"start":{"line":581,"column":32},"end":{"line":581,"column":65}},"type":"binary-expr","locations":[{"start":{"line":581,"column":32},"end":{"line":581,"column":52}},{"start":{"line":581,"column":56},"end":{"line":581,"column":65}}],"line":581},"57":{"loc":{"start":{"line":584,"column":17},"end":{"line":584,"column":43}},"type":"binary-expr","locations":[{"start":{"line":584,"column":17},"end":{"line":584,"column":38}},{"start":{"line":584,"column":42},"end":{"line":584,"column":43}}],"line":584},"58":{"loc":{"start":{"line":594,"column":32},"end":{"line":594,"column":65}},"type":"binary-expr","locations":[{"start":{"line":594,"column":32},"end":{"line":594,"column":52}},{"start":{"line":594,"column":56},"end":{"line":594,"column":65}}],"line":594},"59":{"loc":{"start":{"line":598,"column":5},"end":{"line":598,"column":35}},"type":"binary-expr","locations":[{"start":{"line":598,"column":5},"end":{"line":598,"column":30}},{"start":{"line":598,"column":34},"end":{"line":598,"column":35}}],"line":598},"60":{"loc":{"start":{"line":607,"column":5},"end":{"line":607,"column":35}},"type":"binary-expr","locations":[{"start":{"line":607,"column":5},"end":{"line":607,"column":30}},{"start":{"line":607,"column":34},"end":{"line":607,"column":35}}],"line":607},"61":{"loc":{"start":{"line":615,"column":15},"end":{"line":615,"column":49}},"type":"binary-expr","locations":[{"start":{"line":615,"column":15},"end":{"line":615,"column":26}},{"start":{"line":615,"column":30},"end":{"line":615,"column":49}}],"line":615},"62":{"loc":{"start":{"line":633,"column":13},"end":{"line":647,"column":13}},"type":"cond-expr","locations":[{"start":{"line":634,"column":14},"end":{"line":642,"column":16}},{"start":{"line":644,"column":14},"end":{"line":646,"column":21}}],"line":633}},"s":{"0":1,"1":1,"2":0,"3":0,"4":0,"5":0,"6":0,"7":0,"8":0,"9":57,"10":56,"11":56,"12":56,"13":56,"14":56,"15":56,"16":56,"17":56,"18":56,"19":4,"20":4,"21":4,"22":4,"23":4,"24":0,"25":4,"26":56,"27":56,"28":56,"29":56,"30":54,"31":51,"32":51,"33":51,"34":51,"35":51,"36":51,"37":65,"38":51,"39":14,"40":14,"41":14,"42":51,"43":3,"44":2,"45":2,"46":56,"47":0,"48":0,"49":0,"50":0,"51":0,"52":0,"53":0,"54":0,"55":0,"56":0,"57":56,"58":4,"59":4,"60":4,"61":3,"62":2,"63":1,"64":3,"65":3,"66":1,"67":56,"68":0,"69":0,"70":0,"71":0,"72":0,"73":0,"74":0,"75":56,"76":0,"77":0,"78":0,"79":0,"80":0,"81":0,"82":56,"83":0,"84":0,"85":0,"86":0,"87":0,"88":0,"89":0,"90":0,"91":0,"92":0,"93":56,"94":0,"95":56,"96":0,"97":56,"98":0,"99":0,"100":56,"101":0,"102":0,"103":0,"104":0,"105":0,"106":56,"107":0,"108":0,"109":0,"110":0,"111":0,"112":0,"113":0,"114":56,"115":56,"116":56,"117":56,"118":52,"119":56,"120":56,"121":56,"122":0,"123":0,"124":0,"125":0,"126":0,"127":0,"128":0,"129":0,"130":0,"131":0,"132":0,"133":0,"134":0,"135":0,"136":0,"137":0,"138":0,"139":0,"140":0,"141":0,"142":0,"143":0,"144":0,"145":56,"146":0,"147":0,"148":0,"149":0,"150":0,"151":0,"152":0,"153":0,"154":0,"155":0,"156":0,"157":0,"158":0,"159":56,"160":0,"161":56,"162":59,"163":59,"164":0,"165":0,"166":0,"167":0,"168":56,"169":52,"170":94,"171":0,"172":61,"173":12,"174":4},"f":{"0":0,"1":57,"2":4,"3":4,"4":56,"5":65,"6":14,"7":0,"8":0,"9":4,"10":3,"11":0,"12":0,"13":0,"14":0,"15":0,"16":0,"17":0,"18":0,"19":0,"20":0,"21":56,"22":56,"23":0,"24":0,"25":0,"26":0,"27":0,"28":0,"29":0,"30":0,"31":0,"32":59,"33":0,"34":0,"35":0,"36":0,"37":94,"38":0,"39":61,"40":12},"b":{"0":[0,0],"1":[0,0],"2":[56,0],"3":[4,0],"4":[51,3],"5":[51,0],"6":[51,0],"7":[51,0],"8":[51,0],"9":[51,0],"10":[51,0],"11":[51,0],"12":[51,0],"13":[51,0],"14":[0,14],"15":[14,0],"16":[0,14],"17":[14,0],"18":[0,0],"19":[2,1],"20":[0,0],"21":[0,0],"22":[0,0,0],"23":[0,0],"24":[0,0],"25":[0,0],"26":[0,0],"27":[0,0],"28":[0,0],"29":[0,56],"30":[52,4],"31":[0,0],"32":[0,0],"33":[0,0],"34":[0,0],"35":[0,0],"36":[0,0],"37":[0,0],"38":[0,0],"39":[0,0],"40":[0,0],"41":[0,0],"42":[35,24],"43":[24,0],"44":[24,35],"45":[59,24,12],"46":[0,59],"47":[0,59],"48":[0,59],"49":[0,59],"50":[59,35],"51":[52,4],"52":[52,5],"53":[0,52],"54":[52,5],"55":[52,47],"56":[52,52],"57":[52,5],"58":[52,52],"59":[52,5],"60":[52,5],"61":[52,5],"62":[47,5]},"_coverageSchema":"1a1c01bbd47fc00a2c39e90264f33305004495a9","hash":"00572b6b1391afa602c709dd97f8a77ee6ff2f0d"}
,"/Users/darickle/Documents/4110 SWE/CraftMate/craftmate/components/ThemedText.tsx": {"path":"/Users/darickle/Documents/4110 SWE/CraftMate/craftmate/components/ThemedText.tsx","statementMap":{"0":{"start":{"line":18,"column":16},"end":{"line":18,"column":77}},"1":{"start":{"line":20,"column":2},"end":{"line":33,"column":4}},"2":{"start":{"line":36,"column":15},"end":{"line":60,"column":2}}},"fnMap":{"0":{"name":"ThemedText","decl":{"start":{"line":11,"column":16},"end":{"line":11,"column":26}},"loc":{"start":{"line":17,"column":20},"end":{"line":34,"column":1}},"line":17}},"branchMap":{"0":{"loc":{"start":{"line":15,"column":2},"end":{"line":15,"column":18}},"type":"default-arg","locations":[{"start":{"line":15,"column":9},"end":{"line":15,"column":18}}],"line":15},"1":{"loc":{"start":{"line":24,"column":8},"end":{"line":24,"column":55}},"type":"cond-expr","locations":[{"start":{"line":24,"column":29},"end":{"line":24,"column":43}},{"start":{"line":24,"column":46},"end":{"line":24,"column":55}}],"line":24},"2":{"loc":{"start":{"line":25,"column":8},"end":{"line":25,"column":51}},"type":"cond-expr","locations":[{"start":{"line":25,"column":27},"end":{"line":25,"column":39}},{"start":{"line":25,"column":42},"end":{"line":25,"column":51}}],"line":25},"3":{"loc":{"start":{"line":26,"column":8},"end":{"line":26,"column":71}},"type":"cond-expr","locations":[{"start":{"line":26,"column":37},"end":{"line":26,"column":59}},{"start":{"line":26,"column":62},"end":{"line":26,"column":71}}],"line":26},"4":{"loc":{"start":{"line":27,"column":8},"end":{"line":27,"column":57}},"type":"cond-expr","locations":[{"start":{"line":27,"column":30},"end":{"line":27,"column":45}},{"start":{"line":27,"column":48},"end":{"line":27,"column":57}}],"line":27},"5":{"loc":{"start":{"line":28,"column":8},"end":{"line":28,"column":49}},"type":"cond-expr","locations":[{"start":{"line":28,"column":26},"end":{"line":28,"column":37}},{"start":{"line":28,"column":40},"end":{"line":28,"column":49}}],"line":28}},"s":{"0":1,"1":1,"2":1},"f":{"0":1},"b":{"0":[1],"1":[1,0],"2":[0,1],"3":[0,1],"4":[0,1],"5":[0,1]},"_coverageSchema":"1a1c01bbd47fc00a2c39e90264f33305004495a9","hash":"5a9292b80c105f4d0398024d2b94fcd3975a5c4f"}
,"/Users/darickle/Documents/4110 SWE/CraftMate/craftmate/constants/Colors.ts": {"path":"/Users/darickle/Documents/4110 SWE/CraftMate/craftmate/constants/Colors.ts","statementMap":{"0":{"start":{"line":6,"column":23},"end":{"line":6,"column":32}},"1":{"start":{"line":7,"column":22},"end":{"line":7,"column":31}},"2":{"start":{"line":9,"column":22},"end":{"line":30,"column":1}}},"fnMap":{},"branchMap":{},"s":{"0":3,"1":3,"2":3},"f":{},"b":{},"_coverageSchema":"1a1c01bbd47fc00a2c39e90264f33305004495a9","hash":"9b04335c5d0e3fa4200fb0bbf5015fe48eaf18ec"}
,"/Users/darickle/Documents/4110 SWE/CraftMate/craftmate/hooks/useColorScheme.ts": {"path":"/Users/darickle/Documents/4110 SWE/CraftMate/craftmate/hooks/useColorScheme.ts","statementMap":{},"fnMap":{},"branchMap":{},"s":{},"f":{},"b":{},"_coverageSchema":"1a1c01bbd47fc00a2c39e90264f33305004495a9","hash":"c5c0787bbf7a42f7d6a4da01b9b494f00de57580"}
,"/Users/darickle/Documents/4110 SWE/CraftMate/craftmate/hooks/useThemeColor.ts": {"path":"/Users/darickle/Documents/4110 SWE/CraftMate/craftmate/hooks/useThemeColor.ts","statementMap":{"0":{"start":{"line":13,"column":16},"end":{"line":13,"column":43}},"1":{"start":{"line":14,"column":25},"end":{"line":14,"column":37}},"2":{"start":{"line":16,"column":2},"end":{"line":20,"column":3}},"3":{"start":{"line":17,"column":4},"end":{"line":17,"column":26}},"4":{"start":{"line":19,"column":4},"end":{"line":19,"column":36}}},"fnMap":{"0":{"name":"useThemeColor","decl":{"start":{"line":9,"column":16},"end":{"line":9,"column":29}},"loc":{"start":{"line":12,"column":2},"end":{"line":21,"column":1}},"line":12}},"branchMap":{"0":{"loc":{"start":{"line":13,"column":16},"end":{"line":13,"column":43}},"type":"binary-expr","locations":[{"start":{"line":13,"column":16},"end":{"line":13,"column":32}},{"start":{"line":13,"column":36},"end":{"line":13,"column":43}}],"line":13},"1":{"loc":{"start":{"line":16,"column":2},"end":{"line":20,"column":3}},"type":"if","locations":[{"start":{"line":16,"column":2},"end":{"line":20,"column":3}},{"start":{"line":18,"column":9},"end":{"line":20,"column":3}}],"line":16}},"s":{"0":1,"1":1,"2":1,"3":0,"4":1},"f":{"0":1},"b":{"0":[1,0],"1":[0,1]},"_coverageSchema":"1a1c01bbd47fc00a2c39e90264f33305004495a9","hash":"ab3c402ad8f9ed52597fbac5ef8c8642cfe63db6"}
}
