{"/Users/darickle/Documents/4110 SWE/CraftMate/craftmate/app/(tabs)/chat.tsx": {"path":"/Users/darickle/Documents/4110 SWE/CraftMate/craftmate/app/(tabs)/chat.tsx","statementMap":{"0":{"start":{"line":31,"column":28},"end":{"line":31,"column":48}},"1":{"start":{"line":32,"column":48},"end":{"line":32,"column":70}},"2":{"start":{"line":33,"column":46},"end":{"line":33,"column":86}},"3":{"start":{"line":34,"column":42},"end":{"line":34,"column":81}},"4":{"start":{"line":35,"column":38},"end":{"line":35,"column":53}},"5":{"start":{"line":36,"column":42},"end":{"line":36,"column":57}},"6":{"start":{"line":37,"column":42},"end":{"line":37,"column":69}},"7":{"start":{"line":38,"column":34},"end":{"line":38,"column":57}},"8":{"start":{"line":39,"column":38},"end":{"line":39,"column":50}},"9":{"start":{"line":40,"column":17},"end":{"line":40,"column":28}},"10":{"start":{"line":41,"column":19},"end":{"line":41,"column":32}},"11":{"start":{"line":42,"column":16},"end":{"line":42,"column":43}},"12":{"start":{"line":43,"column":25},"end":{"line":43,"column":47}},"13":{"start":{"line":46,"column":2},"end":{"line":52,"column":9}},"14":{"start":{"line":47,"column":24},"end":{"line":49,"column":6}},"15":{"start":{"line":48,"column":6},"end":{"line":48,"column":28}},"16":{"start":{"line":51,"column":4},"end":{"line":51,"column":31}},"17":{"start":{"line":51,"column":17},"end":{"line":51,"column":30}},"18":{"start":{"line":55,"column":33},"end":{"line":79,"column":3}},"19":{"start":{"line":56,"column":4},"end":{"line":56,"column":34}},"20":{"start":{"line":56,"column":27},"end":{"line":56,"column":34}},"21":{"start":{"line":58,"column":4},"end":{"line":78,"column":5}},"22":{"start":{"line":60,"column":25},"end":{"line":60,"column":63}},"23":{"start":{"line":61,"column":26},"end":{"line":61,"column":50}},"24":{"start":{"line":63,"column":6},"end":{"line":74,"column":7}},"25":{"start":{"line":64,"column":25},"end":{"line":64,"column":43}},"26":{"start":{"line":65,"column":26},"end":{"line":65,"column":50}},"27":{"start":{"line":66,"column":26},"end":{"line":66,"column":50}},"28":{"start":{"line":69,"column":23},"end":{"line":69,"column":69}},"29":{"start":{"line":69,"column":46},"end":{"line":69,"column":68}},"30":{"start":{"line":70,"column":8},"end":{"line":70,"column":35}},"31":{"start":{"line":72,"column":8},"end":{"line":72,"column":47}},"32":{"start":{"line":73,"column":8},"end":{"line":73,"column":31}},"33":{"start":{"line":76,"column":6},"end":{"line":76,"column":65}},"34":{"start":{"line":77,"column":6},"end":{"line":77,"column":29}},"35":{"start":{"line":82,"column":2},"end":{"line":113,"column":19}},"36":{"start":{"line":83,"column":4},"end":{"line":83,"column":34}},"37":{"start":{"line":83,"column":27},"end":{"line":83,"column":34}},"38":{"start":{"line":86,"column":4},"end":{"line":86,"column":29}},"39":{"start":{"line":89,"column":14},"end":{"line":89,"column":44}},"40":{"start":{"line":90,"column":24},"end":{"line":110,"column":6}},"41":{"start":{"line":91,"column":32},"end":{"line":104,"column":61}},"42":{"start":{"line":93,"column":23},"end":{"line":93,"column":33}},"43":{"start":{"line":94,"column":10},"end":{"line":102,"column":12}},"44":{"start":{"line":104,"column":26},"end":{"line":104,"column":60}},"45":{"start":{"line":106,"column":6},"end":{"line":106,"column":26}},"46":{"start":{"line":109,"column":6},"end":{"line":109,"column":31}},"47":{"start":{"line":112,"column":4},"end":{"line":112,"column":31}},"48":{"start":{"line":112,"column":17},"end":{"line":112,"column":30}},"49":{"start":{"line":116,"column":2},"end":{"line":121,"column":17}},"50":{"start":{"line":117,"column":4},"end":{"line":120,"column":5}},"51":{"start":{"line":118,"column":6},"end":{"line":118,"column":29}},"52":{"start":{"line":119,"column":6},"end":{"line":119,"column":28}},"53":{"start":{"line":124,"column":2},"end":{"line":162,"column":31}},"54":{"start":{"line":125,"column":4},"end":{"line":125,"column":34}},"55":{"start":{"line":125,"column":27},"end":{"line":125,"column":34}},"56":{"start":{"line":127,"column":41},"end":{"line":127,"column":43}},"57":{"start":{"line":129,"column":4},"end":{"line":157,"column":7}},"58":{"start":{"line":131,"column":6},"end":{"line":131,"column":54}},"59":{"start":{"line":131,"column":47},"end":{"line":131,"column":54}},"60":{"start":{"line":133,"column":21},"end":{"line":133,"column":71}},"61":{"start":{"line":134,"column":26},"end":{"line":134,"column":69}},"62":{"start":{"line":137,"column":26},"end":{"line":137,"column":84}},"63":{"start":{"line":138,"column":32},"end":{"line":143,"column":8}},"64":{"start":{"line":139,"column":8},"end":{"line":142,"column":9}},"65":{"start":{"line":140,"column":26},"end":{"line":140,"column":60}},"66":{"start":{"line":141,"column":10},"end":{"line":141,"column":74}},"67":{"start":{"line":141,"column":39},"end":{"line":141,"column":71}},"68":{"start":{"line":146,"column":26},"end":{"line":150,"column":7}},"69":{"start":{"line":152,"column":32},"end":{"line":154,"column":8}},"70":{"start":{"line":153,"column":8},"end":{"line":153,"column":76}},"71":{"start":{"line":153,"column":35},"end":{"line":153,"column":73}},"72":{"start":{"line":156,"column":6},"end":{"line":156,"column":62}},"73":{"start":{"line":159,"column":4},"end":{"line":161,"column":6}},"74":{"start":{"line":160,"column":6},"end":{"line":160,"column":59}},"75":{"start":{"line":160,"column":44},"end":{"line":160,"column":57}},"76":{"start":{"line":165,"column":2},"end":{"line":203,"column":21}},"77":{"start":{"line":166,"column":4},"end":{"line":166,"column":51}},"78":{"start":{"line":166,"column":44},"end":{"line":166,"column":51}},"79":{"start":{"line":168,"column":19},"end":{"line":168,"column":76}},"80":{"start":{"line":169,"column":24},"end":{"line":169,"column":67}},"81":{"start":{"line":170,"column":14},"end":{"line":170,"column":61}},"82":{"start":{"line":172,"column":24},"end":{"line":177,"column":6}},"83":{"start":{"line":173,"column":6},"end":{"line":176,"column":22}},"84":{"start":{"line":173,"column":44},"end":{"line":176,"column":18}},"85":{"start":{"line":180,"column":31},"end":{"line":198,"column":5}},"86":{"start":{"line":181,"column":6},"end":{"line":197,"column":7}},"87":{"start":{"line":182,"column":28},"end":{"line":186,"column":9}},"88":{"start":{"line":188,"column":27},"end":{"line":188,"column":53}},"89":{"start":{"line":190,"column":22},"end":{"line":192,"column":10}},"90":{"start":{"line":191,"column":10},"end":{"line":191,"column":51}},"91":{"start":{"line":194,"column":8},"end":{"line":194,"column":33}},"92":{"start":{"line":196,"column":8},"end":{"line":196,"column":64}},"93":{"start":{"line":200,"column":4},"end":{"line":200,"column":25}},"94":{"start":{"line":202,"column":4},"end":{"line":202,"column":31}},"95":{"start":{"line":202,"column":17},"end":{"line":202,"column":30}},"96":{"start":{"line":206,"column":22},"end":{"line":225,"column":46}},"97":{"start":{"line":207,"column":4},"end":{"line":224,"column":9}},"98":{"start":{"line":208,"column":22},"end":{"line":208,"column":56}},"99":{"start":{"line":210,"column":25},"end":{"line":210,"column":46}},"100":{"start":{"line":211,"column":25},"end":{"line":211,"column":46}},"101":{"start":{"line":214,"column":8},"end":{"line":214,"column":45}},"102":{"start":{"line":214,"column":36},"end":{"line":214,"column":45}},"103":{"start":{"line":215,"column":8},"end":{"line":215,"column":32}},"104":{"start":{"line":215,"column":23},"end":{"line":215,"column":32}},"105":{"start":{"line":216,"column":8},"end":{"line":216,"column":33}},"106":{"start":{"line":216,"column":23},"end":{"line":216,"column":33}},"107":{"start":{"line":219,"column":22},"end":{"line":219,"column":86}},"108":{"start":{"line":220,"column":22},"end":{"line":220,"column":86}},"109":{"start":{"line":223,"column":8},"end":{"line":223,"column":29}},"110":{"start":{"line":228,"column":2},"end":{"line":235,"column":45}},"111":{"start":{"line":229,"column":4},"end":{"line":234,"column":5}},"112":{"start":{"line":231,"column":6},"end":{"line":233,"column":14}},"113":{"start":{"line":232,"column":8},"end":{"line":232,"column":65}},"114":{"start":{"line":237,"column":19},"end":{"line":240,"column":3}},"115":{"start":{"line":238,"column":4},"end":{"line":238,"column":26}},"116":{"start":{"line":239,"column":4},"end":{"line":239,"column":26}},"117":{"start":{"line":242,"column":28},"end":{"line":257,"column":3}},"118":{"start":{"line":243,"column":4},"end":{"line":243,"column":85}},"119":{"start":{"line":243,"column":78},"end":{"line":243,"column":85}},"120":{"start":{"line":245,"column":19},"end":{"line":245,"column":76}},"121":{"start":{"line":246,"column":24},"end":{"line":246,"column":67}},"122":{"start":{"line":248,"column":4},"end":{"line":254,"column":7}},"123":{"start":{"line":256,"column":4},"end":{"line":256,"column":22}},"124":{"start":{"line":259,"column":23},"end":{"line":262,"column":3}},"125":{"start":{"line":260,"column":4},"end":{"line":260,"column":27}},"126":{"start":{"line":261,"column":4},"end":{"line":261,"column":26}},"127":{"start":{"line":265,"column":32},"end":{"line":267,"column":3}},"128":{"start":{"line":266,"column":4},"end":{"line":266,"column":63}},"129":{"start":{"line":269,"column":2},"end":{"line":290,"column":3}},"130":{"start":{"line":271,"column":4},"end":{"line":289,"column":6}},"131":{"start":{"line":282,"column":25},"end":{"line":282,"column":46}},"132":{"start":{"line":293,"column":2},"end":{"line":385,"column":3}},"133":{"start":{"line":294,"column":4},"end":{"line":384,"column":6}},"134":{"start":{"line":317,"column":49},"end":{"line":317,"column":88}},"135":{"start":{"line":330,"column":34},"end":{"line":330,"column":69}},"136":{"start":{"line":332,"column":14},"end":{"line":359,"column":21}},"137":{"start":{"line":362,"column":39},"end":{"line":362,"column":95}},"138":{"start":{"line":363,"column":28},"end":{"line":363,"column":84}},"139":{"start":{"line":388,"column":2},"end":{"line":456,"column":4}},"140":{"start":{"line":400,"column":34},"end":{"line":400,"column":42}},"141":{"start":{"line":402,"column":12},"end":{"line":451,"column":31}},"142":{"start":{"line":409,"column":29},"end":{"line":409,"column":43}},"143":{"start":{"line":459,"column":15},"end":{"line":616,"column":2}}},"fnMap":{"0":{"name":"ChatListScreen","decl":{"start":{"line":30,"column":24},"end":{"line":30,"column":38}},"loc":{"start":{"line":30,"column":41},"end":{"line":457,"column":1}},"line":30},"1":{"name":"(anonymous_1)","decl":{"start":{"line":46,"column":12},"end":{"line":46,"column":13}},"loc":{"start":{"line":46,"column":18},"end":{"line":52,"column":3}},"line":46},"2":{"name":"(anonymous_2)","decl":{"start":{"line":47,"column":49},"end":{"line":47,"column":50}},"loc":{"start":{"line":47,"column":59},"end":{"line":49,"column":5}},"line":47},"3":{"name":"(anonymous_3)","decl":{"start":{"line":51,"column":11},"end":{"line":51,"column":12}},"loc":{"start":{"line":51,"column":17},"end":{"line":51,"column":30}},"line":51},"4":{"name":"(anonymous_4)","decl":{"start":{"line":55,"column":33},"end":{"line":55,"column":34}},"loc":{"start":{"line":55,"column":45},"end":{"line":79,"column":3}},"line":55},"5":{"name":"(anonymous_5)","decl":{"start":{"line":69,"column":40},"end":{"line":69,"column":41}},"loc":{"start":{"line":69,"column":46},"end":{"line":69,"column":68}},"line":69},"6":{"name":"(anonymous_6)","decl":{"start":{"line":82,"column":12},"end":{"line":82,"column":13}},"loc":{"start":{"line":82,"column":18},"end":{"line":113,"column":3}},"line":82},"7":{"name":"(anonymous_7)","decl":{"start":{"line":90,"column":38},"end":{"line":90,"column":39}},"loc":{"start":{"line":90,"column":52},"end":{"line":110,"column":5}},"line":90},"8":{"name":"(anonymous_8)","decl":{"start":{"line":92,"column":13},"end":{"line":92,"column":14}},"loc":{"start":{"line":92,"column":22},"end":{"line":103,"column":9}},"line":92},"9":{"name":"(anonymous_9)","decl":{"start":{"line":104,"column":16},"end":{"line":104,"column":17}},"loc":{"start":{"line":104,"column":26},"end":{"line":104,"column":60}},"line":104},"10":{"name":"(anonymous_10)","decl":{"start":{"line":112,"column":11},"end":{"line":112,"column":12}},"loc":{"start":{"line":112,"column":17},"end":{"line":112,"column":30}},"line":112},"11":{"name":"(anonymous_11)","decl":{"start":{"line":116,"column":12},"end":{"line":116,"column":13}},"loc":{"start":{"line":116,"column":18},"end":{"line":121,"column":3}},"line":116},"12":{"name":"(anonymous_12)","decl":{"start":{"line":124,"column":12},"end":{"line":124,"column":13}},"loc":{"start":{"line":124,"column":18},"end":{"line":162,"column":3}},"line":124},"13":{"name":"(anonymous_13)","decl":{"start":{"line":129,"column":18},"end":{"line":129,"column":19}},"loc":{"start":{"line":129,"column":28},"end":{"line":157,"column":5}},"line":129},"14":{"name":"(anonymous_14)","decl":{"start":{"line":138,"column":56},"end":{"line":138,"column":57}},"loc":{"start":{"line":138,"column":70},"end":{"line":143,"column":7}},"line":138},"15":{"name":"(anonymous_15)","decl":{"start":{"line":141,"column":28},"end":{"line":141,"column":29}},"loc":{"start":{"line":141,"column":39},"end":{"line":141,"column":71}},"line":141},"16":{"name":"(anonymous_16)","decl":{"start":{"line":152,"column":56},"end":{"line":152,"column":57}},"loc":{"start":{"line":152,"column":70},"end":{"line":154,"column":7}},"line":152},"17":{"name":"(anonymous_17)","decl":{"start":{"line":153,"column":24},"end":{"line":153,"column":25}},"loc":{"start":{"line":153,"column":35},"end":{"line":153,"column":73}},"line":153},"18":{"name":"(anonymous_18)","decl":{"start":{"line":159,"column":11},"end":{"line":159,"column":12}},"loc":{"start":{"line":159,"column":17},"end":{"line":161,"column":5}},"line":159},"19":{"name":"(anonymous_19)","decl":{"start":{"line":160,"column":27},"end":{"line":160,"column":28}},"loc":{"start":{"line":160,"column":44},"end":{"line":160,"column":57}},"line":160},"20":{"name":"(anonymous_20)","decl":{"start":{"line":165,"column":12},"end":{"line":165,"column":13}},"loc":{"start":{"line":165,"column":18},"end":{"line":203,"column":3}},"line":165},"21":{"name":"(anonymous_21)","decl":{"start":{"line":172,"column":38},"end":{"line":172,"column":39}},"loc":{"start":{"line":172,"column":52},"end":{"line":177,"column":5}},"line":172},"22":{"name":"(anonymous_22)","decl":{"start":{"line":173,"column":36},"end":{"line":173,"column":37}},"loc":{"start":{"line":173,"column":44},"end":{"line":176,"column":18}},"line":173},"23":{"name":"(anonymous_23)","decl":{"start":{"line":180,"column":31},"end":{"line":180,"column":32}},"loc":{"start":{"line":180,"column":43},"end":{"line":198,"column":5}},"line":180},"24":{"name":"(anonymous_24)","decl":{"start":{"line":190,"column":42},"end":{"line":190,"column":43}},"loc":{"start":{"line":190,"column":57},"end":{"line":192,"column":9}},"line":190},"25":{"name":"(anonymous_25)","decl":{"start":{"line":202,"column":11},"end":{"line":202,"column":12}},"loc":{"start":{"line":202,"column":17},"end":{"line":202,"column":30}},"line":202},"26":{"name":"(anonymous_26)","decl":{"start":{"line":206,"column":30},"end":{"line":206,"column":31}},"loc":{"start":{"line":206,"column":36},"end":{"line":225,"column":3}},"line":206},"27":{"name":"(anonymous_27)","decl":{"start":{"line":208,"column":14},"end":{"line":208,"column":15}},"loc":{"start":{"line":208,"column":22},"end":{"line":208,"column":56}},"line":208},"28":{"name":"(anonymous_28)","decl":{"start":{"line":209,"column":12},"end":{"line":209,"column":13}},"loc":{"start":{"line":209,"column":22},"end":{"line":224,"column":7}},"line":209},"29":{"name":"(anonymous_29)","decl":{"start":{"line":228,"column":12},"end":{"line":228,"column":13}},"loc":{"start":{"line":228,"column":18},"end":{"line":235,"column":3}},"line":228},"30":{"name":"(anonymous_30)","decl":{"start":{"line":231,"column":17},"end":{"line":231,"column":18}},"loc":{"start":{"line":231,"column":23},"end":{"line":233,"column":7}},"line":231},"31":{"name":"(anonymous_31)","decl":{"start":{"line":237,"column":19},"end":{"line":237,"column":20}},"loc":{"start":{"line":237,"column":35},"end":{"line":240,"column":3}},"line":237},"32":{"name":"(anonymous_32)","decl":{"start":{"line":242,"column":28},"end":{"line":242,"column":29}},"loc":{"start":{"line":242,"column":40},"end":{"line":257,"column":3}},"line":242},"33":{"name":"(anonymous_33)","decl":{"start":{"line":259,"column":23},"end":{"line":259,"column":24}},"loc":{"start":{"line":259,"column":29},"end":{"line":262,"column":3}},"line":259},"34":{"name":"(anonymous_34)","decl":{"start":{"line":265,"column":32},"end":{"line":265,"column":33}},"loc":{"start":{"line":265,"column":52},"end":{"line":267,"column":3}},"line":265},"35":{"name":"(anonymous_35)","decl":{"start":{"line":282,"column":19},"end":{"line":282,"column":20}},"loc":{"start":{"line":282,"column":25},"end":{"line":282,"column":46}},"line":282},"36":{"name":"(anonymous_36)","decl":{"start":{"line":317,"column":43},"end":{"line":317,"column":44}},"loc":{"start":{"line":317,"column":49},"end":{"line":317,"column":88}},"line":317},"37":{"name":"(anonymous_37)","decl":{"start":{"line":330,"column":26},"end":{"line":330,"column":27}},"loc":{"start":{"line":330,"column":34},"end":{"line":330,"column":69}},"line":330},"38":{"name":"(anonymous_38)","decl":{"start":{"line":331,"column":24},"end":{"line":331,"column":25}},"loc":{"start":{"line":332,"column":14},"end":{"line":359,"column":21}},"line":332},"39":{"name":"(anonymous_39)","decl":{"start":{"line":362,"column":33},"end":{"line":362,"column":34}},"loc":{"start":{"line":362,"column":39},"end":{"line":362,"column":95}},"line":362},"40":{"name":"(anonymous_40)","decl":{"start":{"line":363,"column":22},"end":{"line":363,"column":23}},"loc":{"start":{"line":363,"column":28},"end":{"line":363,"column":84}},"line":363},"41":{"name":"(anonymous_41)","decl":{"start":{"line":400,"column":24},"end":{"line":400,"column":25}},"loc":{"start":{"line":400,"column":34},"end":{"line":400,"column":42}},"line":400},"42":{"name":"(anonymous_42)","decl":{"start":{"line":401,"column":22},"end":{"line":401,"column":23}},"loc":{"start":{"line":402,"column":12},"end":{"line":451,"column":31}},"line":402},"43":{"name":"(anonymous_43)","decl":{"start":{"line":409,"column":23},"end":{"line":409,"column":24}},"loc":{"start":{"line":409,"column":29},"end":{"line":409,"column":43}},"line":409}},"branchMap":{"0":{"loc":{"start":{"line":42,"column":16},"end":{"line":42,"column":43}},"type":"binary-expr","locations":[{"start":{"line":42,"column":16},"end":{"line":42,"column":32}},{"start":{"line":42,"column":36},"end":{"line":42,"column":43}}],"line":42},"1":{"loc":{"start":{"line":56,"column":4},"end":{"line":56,"column":34}},"type":"if","locations":[{"start":{"line":56,"column":4},"end":{"line":56,"column":34}},{"start":{},"end":{}}],"line":56},"2":{"loc":{"start":{"line":63,"column":6},"end":{"line":74,"column":7}},"type":"if","locations":[{"start":{"line":63,"column":6},"end":{"line":74,"column":7}},{"start":{"line":71,"column":13},"end":{"line":74,"column":7}}],"line":63},"3":{"loc":{"start":{"line":65,"column":26},"end":{"line":65,"column":50}},"type":"binary-expr","locations":[{"start":{"line":65,"column":26},"end":{"line":65,"column":44}},{"start":{"line":65,"column":48},"end":{"line":65,"column":50}}],"line":65},"4":{"loc":{"start":{"line":66,"column":26},"end":{"line":66,"column":50}},"type":"binary-expr","locations":[{"start":{"line":66,"column":26},"end":{"line":66,"column":44}},{"start":{"line":66,"column":48},"end":{"line":66,"column":50}}],"line":66},"5":{"loc":{"start":{"line":83,"column":4},"end":{"line":83,"column":34}},"type":"if","locations":[{"start":{"line":83,"column":4},"end":{"line":83,"column":34}},{"start":{},"end":{}}],"line":83},"6":{"loc":{"start":{"line":96,"column":22},"end":{"line":96,"column":48}},"type":"binary-expr","locations":[{"start":{"line":96,"column":22},"end":{"line":96,"column":35}},{"start":{"line":96,"column":39},"end":{"line":96,"column":48}}],"line":96},"7":{"loc":{"start":{"line":97,"column":23},"end":{"line":97,"column":43}},"type":"binary-expr","locations":[{"start":{"line":97,"column":23},"end":{"line":97,"column":37}},{"start":{"line":97,"column":41},"end":{"line":97,"column":43}}],"line":97},"8":{"loc":{"start":{"line":98,"column":22},"end":{"line":98,"column":41}},"type":"binary-expr","locations":[{"start":{"line":98,"column":22},"end":{"line":98,"column":35}},{"start":{"line":98,"column":39},"end":{"line":98,"column":41}}],"line":98},"9":{"loc":{"start":{"line":99,"column":26},"end":{"line":99,"column":80}},"type":"binary-expr","locations":[{"start":{"line":99,"column":26},"end":{"line":99,"column":43}},{"start":{"line":99,"column":47},"end":{"line":99,"column":80}}],"line":99},"10":{"loc":{"start":{"line":100,"column":23},"end":{"line":100,"column":43}},"type":"binary-expr","locations":[{"start":{"line":100,"column":23},"end":{"line":100,"column":37}},{"start":{"line":100,"column":41},"end":{"line":100,"column":43}}],"line":100},"11":{"loc":{"start":{"line":101,"column":23},"end":{"line":101,"column":43}},"type":"binary-expr","locations":[{"start":{"line":101,"column":23},"end":{"line":101,"column":37}},{"start":{"line":101,"column":41},"end":{"line":101,"column":43}}],"line":101},"12":{"loc":{"start":{"line":117,"column":4},"end":{"line":120,"column":5}},"type":"if","locations":[{"start":{"line":117,"column":4},"end":{"line":120,"column":5}},{"start":{},"end":{}}],"line":117},"13":{"loc":{"start":{"line":117,"column":8},"end":{"line":117,"column":44}},"type":"binary-expr","locations":[{"start":{"line":117,"column":8},"end":{"line":117,"column":28}},{"start":{"line":117,"column":32},"end":{"line":117,"column":44}}],"line":117},"14":{"loc":{"start":{"line":125,"column":4},"end":{"line":125,"column":34}},"type":"if","locations":[{"start":{"line":125,"column":4},"end":{"line":125,"column":34}},{"start":{},"end":{}}],"line":125},"15":{"loc":{"start":{"line":131,"column":6},"end":{"line":131,"column":54}},"type":"if","locations":[{"start":{"line":131,"column":6},"end":{"line":131,"column":54}},{"start":{},"end":{}}],"line":131},"16":{"loc":{"start":{"line":139,"column":8},"end":{"line":142,"column":9}},"type":"if","locations":[{"start":{"line":139,"column":8},"end":{"line":142,"column":9}},{"start":{},"end":{}}],"line":139},"17":{"loc":{"start":{"line":166,"column":4},"end":{"line":166,"column":51}},"type":"if","locations":[{"start":{"line":166,"column":4},"end":{"line":166,"column":51}},{"start":{},"end":{}}],"line":166},"18":{"loc":{"start":{"line":166,"column":8},"end":{"line":166,"column":42}},"type":"binary-expr","locations":[{"start":{"line":166,"column":8},"end":{"line":166,"column":21}},{"start":{"line":166,"column":25},"end":{"line":166,"column":42}}],"line":166},"19":{"loc":{"start":{"line":214,"column":8},"end":{"line":214,"column":45}},"type":"if","locations":[{"start":{"line":214,"column":8},"end":{"line":214,"column":45}},{"start":{},"end":{}}],"line":214},"20":{"loc":{"start":{"line":214,"column":12},"end":{"line":214,"column":34}},"type":"binary-expr","locations":[{"start":{"line":214,"column":12},"end":{"line":214,"column":21}},{"start":{"line":214,"column":25},"end":{"line":214,"column":34}}],"line":214},"21":{"loc":{"start":{"line":215,"column":8},"end":{"line":215,"column":32}},"type":"if","locations":[{"start":{"line":215,"column":8},"end":{"line":215,"column":32}},{"start":{},"end":{}}],"line":215},"22":{"loc":{"start":{"line":216,"column":8},"end":{"line":216,"column":33}},"type":"if","locations":[{"start":{"line":216,"column":8},"end":{"line":216,"column":33}},{"start":{},"end":{}}],"line":216},"23":{"loc":{"start":{"line":219,"column":22},"end":{"line":219,"column":86}},"type":"cond-expr","locations":[{"start":{"line":219,"column":53},"end":{"line":219,"column":82}},{"start":{"line":219,"column":85},"end":{"line":219,"column":86}}],"line":219},"24":{"loc":{"start":{"line":220,"column":22},"end":{"line":220,"column":86}},"type":"cond-expr","locations":[{"start":{"line":220,"column":53},"end":{"line":220,"column":82}},{"start":{"line":220,"column":85},"end":{"line":220,"column":86}}],"line":220},"25":{"loc":{"start":{"line":229,"column":4},"end":{"line":234,"column":5}},"type":"if","locations":[{"start":{"line":229,"column":4},"end":{"line":234,"column":5}},{"start":{},"end":{}}],"line":229},"26":{"loc":{"start":{"line":229,"column":8},"end":{"line":229,"column":53}},"type":"binary-expr","locations":[{"start":{"line":229,"column":8},"end":{"line":229,"column":30}},{"start":{"line":229,"column":34},"end":{"line":229,"column":53}}],"line":229},"27":{"loc":{"start":{"line":243,"column":4},"end":{"line":243,"column":85}},"type":"if","locations":[{"start":{"line":243,"column":4},"end":{"line":243,"column":85}},{"start":{},"end":{}}],"line":243},"28":{"loc":{"start":{"line":243,"column":8},"end":{"line":243,"column":76}},"type":"binary-expr","locations":[{"start":{"line":243,"column":8},"end":{"line":243,"column":21}},{"start":{"line":243,"column":25},"end":{"line":243,"column":42}},{"start":{"line":243,"column":46},"end":{"line":243,"column":76}}],"line":243},"29":{"loc":{"start":{"line":269,"column":2},"end":{"line":290,"column":3}},"type":"if","locations":[{"start":{"line":269,"column":2},"end":{"line":290,"column":3}},{"start":{},"end":{}}],"line":269},"30":{"loc":{"start":{"line":278,"column":29},"end":{"line":278,"column":70}},"type":"cond-expr","locations":[{"start":{"line":278,"column":49},"end":{"line":278,"column":58}},{"start":{"line":278,"column":61},"end":{"line":278,"column":70}}],"line":278},"31":{"loc":{"start":{"line":293,"column":2},"end":{"line":385,"column":3}},"type":"if","locations":[{"start":{"line":293,"column":2},"end":{"line":385,"column":3}},{"start":{},"end":{}}],"line":293},"32":{"loc":{"start":{"line":293,"column":6},"end":{"line":293,"column":34}},"type":"binary-expr","locations":[{"start":{"line":293,"column":6},"end":{"line":293,"column":18}},{"start":{"line":293,"column":22},"end":{"line":293,"column":34}}],"line":293},"33":{"loc":{"start":{"line":297,"column":18},"end":{"line":297,"column":62}},"type":"cond-expr","locations":[{"start":{"line":297,"column":42},"end":{"line":297,"column":51}},{"start":{"line":297,"column":54},"end":{"line":297,"column":62}}],"line":297},"34":{"loc":{"start":{"line":298,"column":32},"end":{"line":298,"column":62}},"type":"cond-expr","locations":[{"start":{"line":298,"column":56},"end":{"line":298,"column":57}},{"start":{"line":298,"column":60},"end":{"line":298,"column":62}}],"line":298},"35":{"loc":{"start":{"line":330,"column":34},"end":{"line":330,"column":69}},"type":"binary-expr","locations":[{"start":{"line":330,"column":34},"end":{"line":330,"column":41}},{"start":{"line":330,"column":45},"end":{"line":330,"column":69}}],"line":330},"36":{"loc":{"start":{"line":334,"column":16},"end":{"line":334,"column":114}},"type":"cond-expr","locations":[{"start":{"line":334,"column":58},"end":{"line":334,"column":83}},{"start":{"line":334,"column":86},"end":{"line":334,"column":114}}],"line":334},"37":{"loc":{"start":{"line":339,"column":20},"end":{"line":339,"column":100}},"type":"cond-expr","locations":[{"start":{"line":339,"column":62},"end":{"line":339,"column":78}},{"start":{"line":339,"column":81},"end":{"line":339,"column":100}}],"line":339},"38":{"loc":{"start":{"line":341,"column":39},"end":{"line":343,"column":63}},"type":"cond-expr","locations":[{"start":{"line":342,"column":26},"end":{"line":342,"column":35}},{"start":{"line":343,"column":27},"end":{"line":343,"column":62}}],"line":341},"39":{"loc":{"start":{"line":343,"column":27},"end":{"line":343,"column":62}},"type":"cond-expr","locations":[{"start":{"line":343,"column":47},"end":{"line":343,"column":53}},{"start":{"line":343,"column":56},"end":{"line":343,"column":62}}],"line":343},"40":{"loc":{"start":{"line":344,"column":29},"end":{"line":346,"column":44}},"type":"cond-expr","locations":[{"start":{"line":345,"column":26},"end":{"line":345,"column":32}},{"start":{"line":346,"column":26},"end":{"line":346,"column":44}}],"line":344},"41":{"loc":{"start":{"line":354,"column":17},"end":{"line":358,"column":17}},"type":"binary-expr","locations":[{"start":{"line":354,"column":17},"end":{"line":354,"column":56}},{"start":{"line":355,"column":18},"end":{"line":357,"column":25}}],"line":354},"42":{"loc":{"start":{"line":356,"column":21},"end":{"line":356,"column":53}},"type":"cond-expr","locations":[{"start":{"line":356,"column":33},"end":{"line":356,"column":39}},{"start":{"line":356,"column":42},"end":{"line":356,"column":53}}],"line":356},"43":{"loc":{"start":{"line":391,"column":7},"end":{"line":454,"column":7}},"type":"cond-expr","locations":[{"start":{"line":392,"column":8},"end":{"line":396,"column":15}},{"start":{"line":398,"column":8},"end":{"line":453,"column":10}}],"line":391},"44":{"loc":{"start":{"line":406,"column":35},"end":{"line":406,"column":76}},"type":"cond-expr","locations":[{"start":{"line":406,"column":55},"end":{"line":406,"column":64}},{"start":{"line":406,"column":67},"end":{"line":406,"column":76}}],"line":406},"45":{"loc":{"start":{"line":413,"column":17},"end":{"line":420,"column":17}},"type":"binary-expr","locations":[{"start":{"line":413,"column":17},"end":{"line":413,"column":43}},{"start":{"line":414,"column":18},"end":{"line":419,"column":20}}],"line":413},"46":{"loc":{"start":{"line":431,"column":31},"end":{"line":431,"column":66}},"type":"cond-expr","locations":[{"start":{"line":431,"column":51},"end":{"line":431,"column":57}},{"start":{"line":431,"column":60},"end":{"line":431,"column":66}}],"line":431},"47":{"loc":{"start":{"line":436,"column":21},"end":{"line":436,"column":74}},"type":"binary-expr","locations":[{"start":{"line":436,"column":21},"end":{"line":436,"column":34}},{"start":{"line":436,"column":38},"end":{"line":436,"column":74}}],"line":436},"48":{"loc":{"start":{"line":442,"column":31},"end":{"line":442,"column":66}},"type":"cond-expr","locations":[{"start":{"line":442,"column":51},"end":{"line":442,"column":57}},{"start":{"line":442,"column":60},"end":{"line":442,"column":66}}],"line":442},"49":{"loc":{"start":{"line":447,"column":21},"end":{"line":447,"column":75}},"type":"binary-expr","locations":[{"start":{"line":447,"column":21},"end":{"line":447,"column":51}},{"start":{"line":447,"column":55},"end":{"line":447,"column":75}}],"line":447}},"s":{"0":3,"1":3,"2":3,"3":3,"4":3,"5":3,"6":3,"7":3,"8":3,"9":3,"10":3,"11":3,"12":3,"13":3,"14":1,"15":1,"16":1,"17":1,"18":3,"19":2,"20":0,"21":2,"22":2,"23":2,"24":2,"25":2,"26":2,"27":2,"28":2,"29":4,"30":2,"31":0,"32":0,"33":0,"34":0,"35":3,"36":2,"37":0,"38":2,"39":2,"40":2,"41":0,"42":0,"43":0,"44":0,"45":0,"46":0,"47":2,"48":2,"49":3,"50":1,"51":0,"52":0,"53":3,"54":2,"55":0,"56":2,"57":2,"58":0,"59":0,"60":0,"61":0,"62":0,"63":0,"64":0,"65":0,"66":0,"67":0,"68":0,"69":0,"70":0,"71":0,"72":0,"73":2,"74":2,"75":0,"76":3,"77":1,"78":1,"79":0,"80":0,"81":0,"82":0,"83":0,"84":0,"85":0,"86":0,"87":0,"88":0,"89":0,"90":0,"91":0,"92":0,"93":0,"94":0,"95":0,"96":3,"97":2,"98":0,"99":0,"100":0,"101":0,"102":0,"103":0,"104":0,"105":0,"106":0,"107":0,"108":0,"109":0,"110":3,"111":1,"112":0,"113":0,"114":3,"115":0,"116":0,"117":3,"118":0,"119":0,"120":0,"121":0,"122":0,"123":0,"124":3,"125":0,"126":0,"127":3,"128":0,"129":3,"130":1,"131":0,"132":2,"133":0,"134":0,"135":0,"136":0,"137":0,"138":0,"139":2,"140":0,"141":0,"142":0,"143":1},"f":{"0":3,"1":1,"2":1,"3":1,"4":2,"5":4,"6":2,"7":0,"8":0,"9":0,"10":2,"11":1,"12":2,"13":0,"14":0,"15":0,"16":0,"17":0,"18":2,"19":0,"20":1,"21":0,"22":0,"23":0,"24":0,"25":0,"26":2,"27":0,"28":0,"29":1,"30":0,"31":0,"32":0,"33":0,"34":0,"35":0,"36":0,"37":0,"38":0,"39":0,"40":0,"41":0,"42":0,"43":0},"b":{"0":[3,0],"1":[0,2],"2":[2,0],"3":[2,0],"4":[2,0],"5":[0,2],"6":[0,0],"7":[0,0],"8":[0,0],"9":[0,0],"10":[0,0],"11":[0,0],"12":[0,1],"13":[1,1],"14":[0,2],"15":[0,0],"16":[0,0],"17":[1,0],"18":[1,0],"19":[0,0],"20":[0,0],"21":[0,0],"22":[0,0],"23":[0,0],"24":[0,0],"25":[0,1],"26":[1,0],"27":[0,0],"28":[0,0,0],"29":[1,2],"30":[1,0],"31":[0,2],"32":[2,0],"33":[0,0],"34":[0,0],"35":[0,0],"36":[0,0],"37":[0,0],"38":[0,0],"39":[0,0],"40":[0,0],"41":[0,0],"42":[0,0],"43":[2,0],"44":[0,0],"45":[0,0],"46":[0,0],"47":[0,0],"48":[0,0],"49":[0,0]},"_coverageSchema":"1a1c01bbd47fc00a2c39e90264f33305004495a9","hash":"ac312b40a8483134904a2b98a453d2e2d4492983"}
,"/Users/darickle/Documents/4110 SWE/CraftMate/craftmate/components/ThemedText.tsx": {"path":"/Users/darickle/Documents/4110 SWE/CraftMate/craftmate/components/ThemedText.tsx","statementMap":{"0":{"start":{"line":18,"column":16},"end":{"line":18,"column":77}},"1":{"start":{"line":20,"column":2},"end":{"line":33,"column":4}},"2":{"start":{"line":36,"column":15},"end":{"line":60,"column":2}}},"fnMap":{"0":{"name":"ThemedText","decl":{"start":{"line":11,"column":16},"end":{"line":11,"column":26}},"loc":{"start":{"line":17,"column":20},"end":{"line":34,"column":1}},"line":17}},"branchMap":{"0":{"loc":{"start":{"line":15,"column":2},"end":{"line":15,"column":18}},"type":"default-arg","locations":[{"start":{"line":15,"column":9},"end":{"line":15,"column":18}}],"line":15},"1":{"loc":{"start":{"line":24,"column":8},"end":{"line":24,"column":55}},"type":"cond-expr","locations":[{"start":{"line":24,"column":29},"end":{"line":24,"column":43}},{"start":{"line":24,"column":46},"end":{"line":24,"column":55}}],"line":24},"2":{"loc":{"start":{"line":25,"column":8},"end":{"line":25,"column":51}},"type":"cond-expr","locations":[{"start":{"line":25,"column":27},"end":{"line":25,"column":39}},{"start":{"line":25,"column":42},"end":{"line":25,"column":51}}],"line":25},"3":{"loc":{"start":{"line":26,"column":8},"end":{"line":26,"column":71}},"type":"cond-expr","locations":[{"start":{"line":26,"column":37},"end":{"line":26,"column":59}},{"start":{"line":26,"column":62},"end":{"line":26,"column":71}}],"line":26},"4":{"loc":{"start":{"line":27,"column":8},"end":{"line":27,"column":57}},"type":"cond-expr","locations":[{"start":{"line":27,"column":30},"end":{"line":27,"column":45}},{"start":{"line":27,"column":48},"end":{"line":27,"column":57}}],"line":27},"5":{"loc":{"start":{"line":28,"column":8},"end":{"line":28,"column":49}},"type":"cond-expr","locations":[{"start":{"line":28,"column":26},"end":{"line":28,"column":37}},{"start":{"line":28,"column":40},"end":{"line":28,"column":49}}],"line":28}},"s":{"0":0,"1":0,"2":1},"f":{"0":0},"b":{"0":[0],"1":[0,0],"2":[0,0],"3":[0,0],"4":[0,0],"5":[0,0]},"_coverageSchema":"1a1c01bbd47fc00a2c39e90264f33305004495a9","hash":"5a9292b80c105f4d0398024d2b94fcd3975a5c4f"}
,"/Users/darickle/Documents/4110 SWE/CraftMate/craftmate/constants/Colors.ts": {"path":"/Users/darickle/Documents/4110 SWE/CraftMate/craftmate/constants/Colors.ts","statementMap":{"0":{"start":{"line":6,"column":23},"end":{"line":6,"column":32}},"1":{"start":{"line":7,"column":22},"end":{"line":7,"column":31}},"2":{"start":{"line":9,"column":22},"end":{"line":30,"column":1}}},"fnMap":{},"branchMap":{},"s":{"0":2,"1":2,"2":2},"f":{},"b":{},"_coverageSchema":"1a1c01bbd47fc00a2c39e90264f33305004495a9","hash":"9b04335c5d0e3fa4200fb0bbf5015fe48eaf18ec"}
,"/Users/darickle/Documents/4110 SWE/CraftMate/craftmate/hooks/useColorScheme.ts": {"path":"/Users/darickle/Documents/4110 SWE/CraftMate/craftmate/hooks/useColorScheme.ts","statementMap":{},"fnMap":{},"branchMap":{},"s":{},"f":{},"b":{},"_coverageSchema":"1a1c01bbd47fc00a2c39e90264f33305004495a9","hash":"c5c0787bbf7a42f7d6a4da01b9b494f00de57580"}
,"/Users/darickle/Documents/4110 SWE/CraftMate/craftmate/hooks/useThemeColor.ts": {"path":"/Users/darickle/Documents/4110 SWE/CraftMate/craftmate/hooks/useThemeColor.ts","statementMap":{"0":{"start":{"line":13,"column":16},"end":{"line":13,"column":43}},"1":{"start":{"line":14,"column":25},"end":{"line":14,"column":37}},"2":{"start":{"line":16,"column":2},"end":{"line":20,"column":3}},"3":{"start":{"line":17,"column":4},"end":{"line":17,"column":26}},"4":{"start":{"line":19,"column":4},"end":{"line":19,"column":36}}},"fnMap":{"0":{"name":"useThemeColor","decl":{"start":{"line":9,"column":16},"end":{"line":9,"column":29}},"loc":{"start":{"line":12,"column":2},"end":{"line":21,"column":1}},"line":12}},"branchMap":{"0":{"loc":{"start":{"line":13,"column":16},"end":{"line":13,"column":43}},"type":"binary-expr","locations":[{"start":{"line":13,"column":16},"end":{"line":13,"column":32}},{"start":{"line":13,"column":36},"end":{"line":13,"column":43}}],"line":13},"1":{"loc":{"start":{"line":16,"column":2},"end":{"line":20,"column":3}},"type":"if","locations":[{"start":{"line":16,"column":2},"end":{"line":20,"column":3}},{"start":{"line":18,"column":9},"end":{"line":20,"column":3}}],"line":16}},"s":{"0":0,"1":0,"2":0,"3":0,"4":0},"f":{"0":0},"b":{"0":[0,0],"1":[0,0]},"_coverageSchema":"1a1c01bbd47fc00a2c39e90264f33305004495a9","hash":"ab3c402ad8f9ed52597fbac5ef8c8642cfe63db6"}
}
