TN:
SF:app/(tabs)/chat.tsx
FN:30,ChatListScreen
FN:46,(anonymous_1)
FN:47,(anonymous_2)
FN:51,(anonymous_3)
FN:55,(anonymous_4)
FN:69,(anonymous_5)
FN:82,(anonymous_6)
FN:90,(anonymous_7)
FN:92,(anonymous_8)
FN:104,(anonymous_9)
FN:112,(anonymous_10)
FN:116,(anonymous_11)
FN:124,(anonymous_12)
FN:129,(anonymous_13)
FN:138,(anonymous_14)
FN:141,(anonymous_15)
FN:152,(anonymous_16)
FN:153,(anonymous_17)
FN:159,(anonymous_18)
FN:160,(anonymous_19)
FN:165,(anonymous_20)
FN:172,(anonymous_21)
FN:173,(anonymous_22)
FN:180,(anonymous_23)
FN:190,(anonymous_24)
FN:202,(anonymous_25)
FN:206,(anonymous_26)
FN:208,(anonymous_27)
FN:209,(anonymous_28)
FN:228,(anonymous_29)
FN:231,(anonymous_30)
FN:237,(anonymous_31)
FN:242,(anonymous_32)
FN:259,(anonymous_33)
FN:265,(anonymous_34)
FN:282,(anonymous_35)
FN:317,(anonymous_36)
FN:330,(anonymous_37)
FN:331,(anonymous_38)
FN:362,(anonymous_39)
FN:363,(anonymous_40)
FN:400,(anonymous_41)
FN:401,(anonymous_42)
FN:409,(anonymous_43)
FNF:44
FNH:14
FNDA:3,ChatListScreen
FNDA:1,(anonymous_1)
FNDA:1,(anonymous_2)
FNDA:1,(anonymous_3)
FNDA:2,(anonymous_4)
FNDA:4,(anonymous_5)
FNDA:2,(anonymous_6)
FNDA:0,(anonymous_7)
FNDA:0,(anonymous_8)
FNDA:0,(anonymous_9)
FNDA:2,(anonymous_10)
FNDA:1,(anonymous_11)
FNDA:2,(anonymous_12)
FNDA:0,(anonymous_13)
FNDA:0,(anonymous_14)
FNDA:0,(anonymous_15)
FNDA:0,(anonymous_16)
FNDA:0,(anonymous_17)
FNDA:2,(anonymous_18)
FNDA:0,(anonymous_19)
FNDA:1,(anonymous_20)
FNDA:0,(anonymous_21)
FNDA:0,(anonymous_22)
FNDA:0,(anonymous_23)
FNDA:0,(anonymous_24)
FNDA:0,(anonymous_25)
FNDA:2,(anonymous_26)
FNDA:0,(anonymous_27)
FNDA:0,(anonymous_28)
FNDA:1,(anonymous_29)
FNDA:0,(anonymous_30)
FNDA:0,(anonymous_31)
FNDA:0,(anonymous_32)
FNDA:0,(anonymous_33)
FNDA:0,(anonymous_34)
FNDA:0,(anonymous_35)
FNDA:0,(anonymous_36)
FNDA:0,(anonymous_37)
FNDA:0,(anonymous_38)
FNDA:0,(anonymous_39)
FNDA:0,(anonymous_40)
FNDA:0,(anonymous_41)
FNDA:0,(anonymous_42)
FNDA:0,(anonymous_43)
DA:31,3
DA:32,3
DA:33,3
DA:34,3
DA:35,3
DA:36,3
DA:37,3
DA:38,3
DA:39,3
DA:40,3
DA:41,3
DA:42,3
DA:43,3
DA:46,3
DA:47,1
DA:48,1
DA:51,1
DA:55,3
DA:56,2
DA:58,2
DA:60,2
DA:61,2
DA:63,2
DA:64,2
DA:65,2
DA:66,2
DA:69,4
DA:70,2
DA:72,0
DA:73,0
DA:76,0
DA:77,0
DA:82,3
DA:83,2
DA:86,2
DA:89,2
DA:90,2
DA:91,0
DA:93,0
DA:94,0
DA:104,0
DA:106,0
DA:109,0
DA:112,2
DA:116,3
DA:117,1
DA:118,0
DA:119,0
DA:124,3
DA:125,2
DA:127,2
DA:129,2
DA:131,0
DA:133,0
DA:134,0
DA:137,0
DA:138,0
DA:139,0
DA:140,0
DA:141,0
DA:146,0
DA:152,0
DA:153,0
DA:156,0
DA:159,2
DA:160,2
DA:165,3
DA:166,1
DA:168,0
DA:169,0
DA:170,0
DA:172,0
DA:173,0
DA:180,0
DA:181,0
DA:182,0
DA:188,0
DA:190,0
DA:191,0
DA:194,0
DA:196,0
DA:200,0
DA:202,0
DA:206,3
DA:207,2
DA:208,0
DA:210,0
DA:211,0
DA:214,0
DA:215,0
DA:216,0
DA:219,0
DA:220,0
DA:223,0
DA:228,3
DA:229,1
DA:231,0
DA:232,0
DA:237,3
DA:238,0
DA:239,0
DA:242,3
DA:243,0
DA:245,0
DA:246,0
DA:248,0
DA:256,0
DA:259,3
DA:260,0
DA:261,0
DA:265,3
DA:266,0
DA:269,3
DA:271,1
DA:282,0
DA:293,2
DA:294,0
DA:317,0
DA:330,0
DA:332,0
DA:362,0
DA:363,0
DA:388,2
DA:400,0
DA:402,0
DA:409,0
DA:459,1
LF:127
LH:57
BRDA:42,0,0,3
BRDA:42,0,1,0
BRDA:56,1,0,0
BRDA:56,1,1,2
BRDA:63,2,0,2
BRDA:63,2,1,0
BRDA:65,3,0,2
BRDA:65,3,1,0
BRDA:66,4,0,2
BRDA:66,4,1,0
BRDA:83,5,0,0
BRDA:83,5,1,2
BRDA:96,6,0,0
BRDA:96,6,1,0
BRDA:97,7,0,0
BRDA:97,7,1,0
BRDA:98,8,0,0
BRDA:98,8,1,0
BRDA:99,9,0,0
BRDA:99,9,1,0
BRDA:100,10,0,0
BRDA:100,10,1,0
BRDA:101,11,0,0
BRDA:101,11,1,0
BRDA:117,12,0,0
BRDA:117,12,1,1
BRDA:117,13,0,1
BRDA:117,13,1,1
BRDA:125,14,0,0
BRDA:125,14,1,2
BRDA:131,15,0,0
BRDA:131,15,1,0
BRDA:139,16,0,0
BRDA:139,16,1,0
BRDA:166,17,0,1
BRDA:166,17,1,0
BRDA:166,18,0,1
BRDA:166,18,1,0
BRDA:214,19,0,0
BRDA:214,19,1,0
BRDA:214,20,0,0
BRDA:214,20,1,0
BRDA:215,21,0,0
BRDA:215,21,1,0
BRDA:216,22,0,0
BRDA:216,22,1,0
BRDA:219,23,0,0
BRDA:219,23,1,0
BRDA:220,24,0,0
BRDA:220,24,1,0
BRDA:229,25,0,0
BRDA:229,25,1,1
BRDA:229,26,0,1
BRDA:229,26,1,0
BRDA:243,27,0,0
BRDA:243,27,1,0
BRDA:243,28,0,0
BRDA:243,28,1,0
BRDA:243,28,2,0
BRDA:269,29,0,1
BRDA:269,29,1,2
BRDA:278,30,0,1
BRDA:278,30,1,0
BRDA:293,31,0,0
BRDA:293,31,1,2
BRDA:293,32,0,2
BRDA:293,32,1,0
BRDA:297,33,0,0
BRDA:297,33,1,0
BRDA:298,34,0,0
BRDA:298,34,1,0
BRDA:330,35,0,0
BRDA:330,35,1,0
BRDA:334,36,0,0
BRDA:334,36,1,0
BRDA:339,37,0,0
BRDA:339,37,1,0
BRDA:341,38,0,0
BRDA:341,38,1,0
BRDA:343,39,0,0
BRDA:343,39,1,0
BRDA:344,40,0,0
BRDA:344,40,1,0
BRDA:354,41,0,0
BRDA:354,41,1,0
BRDA:356,42,0,0
BRDA:356,42,1,0
BRDA:391,43,0,2
BRDA:391,43,1,0
BRDA:406,44,0,0
BRDA:406,44,1,0
BRDA:413,45,0,0
BRDA:413,45,1,0
BRDA:431,46,0,0
BRDA:431,46,1,0
BRDA:436,47,0,0
BRDA:436,47,1,0
BRDA:442,48,0,0
BRDA:442,48,1,0
BRDA:447,49,0,0
BRDA:447,49,1,0
BRF:101
BRH:20
end_of_record
TN:
SF:assets/images/PortraitPlaceholder.png
FNF:0
FNH:0
DA:1,1
LF:1
LH:1
BRF:0
BRH:0
end_of_record
TN:
SF:components/LoginScreen.styles.ts
FNF:0
FNH:0
DA:3,1
LF:1
LH:1
BRF:0
BRH:0
end_of_record
TN:
SF:components/LoginScreen.tsx
FN:25,(anonymous_0)
FN:53,LoginScreen
FN:75,(anonymous_2)
FN:76,(anonymous_3)
FN:89,(anonymous_4)
FN:111,(anonymous_5)
FN:117,(anonymous_6)
FN:134,(anonymous_7)
FN:146,(anonymous_8)
FN:154,(anonymous_9)
FN:168,(anonymous_10)
FN:174,(anonymous_11)
FN:195,(anonymous_12)
FN:206,(anonymous_13)
FN:243,(anonymous_14)
FN:247,(anonymous_15)
FN:252,(anonymous_16)
FN:257,(anonymous_17)
FN:260,(anonymous_18)
FN:265,(anonymous_19)
FN:266,(anonymous_20)
FN:277,(anonymous_21)
FN:279,(anonymous_22)
FN:287,(anonymous_23)
FN:294,(anonymous_24)
FN:316,(anonymous_25)
FN:326,(anonymous_26)
FN:333,(anonymous_27)
FN:345,(anonymous_28)
FN:361,(anonymous_29)
FN:373,(anonymous_30)
FN:385,(anonymous_31)
FN:389,(anonymous_32)
FN:404,(anonymous_33)
FN:405,(anonymous_34)
FN:453,(anonymous_35)
FN:482,(anonymous_36)
FN:552,(anonymous_37)
FN:622,(anonymous_38)
FN:637,(anonymous_39)
FN:639,(anonymous_40)
FNF:41
FNH:14
FNDA:0,(anonymous_0)
FNDA:48,LoginScreen
FNDA:4,(anonymous_2)
FNDA:4,(anonymous_3)
FNDA:47,(anonymous_4)
FNDA:48,(anonymous_5)
FNDA:6,(anonymous_6)
FNDA:0,(anonymous_7)
FNDA:0,(anonymous_8)
FNDA:4,(anonymous_9)
FNDA:3,(anonymous_10)
FNDA:0,(anonymous_11)
FNDA:0,(anonymous_12)
FNDA:0,(anonymous_13)
FNDA:0,(anonymous_14)
FNDA:0,(anonymous_15)
FNDA:0,(anonymous_16)
FNDA:0,(anonymous_17)
FNDA:0,(anonymous_18)
FNDA:0,(anonymous_19)
FNDA:0,(anonymous_20)
FNDA:47,(anonymous_21)
FNDA:47,(anonymous_22)
FNDA:0,(anonymous_23)
FNDA:0,(anonymous_24)
FNDA:0,(anonymous_25)
FNDA:0,(anonymous_26)
FNDA:0,(anonymous_27)
FNDA:0,(anonymous_28)
FNDA:0,(anonymous_29)
FNDA:0,(anonymous_30)
FNDA:0,(anonymous_31)
FNDA:42,(anonymous_32)
FNDA:0,(anonymous_33)
FNDA:0,(anonymous_34)
FNDA:0,(anonymous_35)
FNDA:0,(anonymous_36)
FNDA:76,(anonymous_37)
FNDA:0,(anonymous_38)
FNDA:44,(anonymous_39)
FNDA:4,(anonymous_40)
DA:16,1
DA:25,1
DA:26,0
DA:27,0
DA:30,0
DA:31,0
DA:32,0
DA:34,0
DA:35,0
DA:54,48
DA:55,47
DA:56,47
DA:57,47
DA:68,47
DA:69,47
DA:70,47
DA:72,47
DA:73,47
DA:75,47
DA:76,4
DA:77,4
DA:78,4
DA:79,4
DA:81,4
DA:83,0
DA:86,4
DA:89,47
DA:90,47
DA:91,47
DA:92,47
DA:94,45
DA:95,42
DA:96,42
DA:106,42
DA:109,42
DA:110,42
DA:111,48
DA:117,42
DA:118,6
DA:119,6
DA:120,6
DA:123,42
DA:126,3
DA:129,2
DA:130,2
DA:134,47
DA:142,0
DA:143,0
DA:144,0
DA:145,0
DA:146,0
DA:147,0
DA:149,0
DA:150,0
DA:154,47
DA:155,4
DA:156,4
DA:157,4
DA:159,3
DA:161,2
DA:164,1
DA:168,3
DA:170,1
DA:174,47
DA:175,0
DA:176,0
DA:181,0
DA:182,0
DA:187,0
DA:188,0
DA:191,0
DA:195,47
DA:196,0
DA:198,0
DA:199,0
DA:200,0
DA:201,0
DA:202,0
DA:206,47
DA:207,0
DA:208,0
DA:215,0
DA:217,0
DA:224,0
DA:227,0
DA:229,0
DA:231,0
DA:234,0
DA:235,0
DA:243,47
DA:244,0
DA:247,47
DA:248,0
DA:252,47
DA:253,0
DA:254,0
DA:257,47
DA:258,0
DA:259,0
DA:260,0
DA:262,0
DA:265,47
DA:266,0
DA:267,0
DA:268,0
DA:269,0
DA:270,0
DA:274,47
DA:276,47
DA:279,47
DA:280,47
DA:281,43
DA:285,47
DA:287,47
DA:294,47
DA:295,0
DA:296,0
DA:297,0
DA:298,0
DA:301,0
DA:302,0
DA:304,0
DA:305,0
DA:306,0
DA:309,0
DA:310,0
DA:313,0
DA:314,0
DA:316,0
DA:319,0
DA:326,0
DA:327,0
DA:328,0
DA:329,0
DA:333,0
DA:337,0
DA:339,0
DA:341,0
DA:345,47
DA:346,0
DA:347,0
DA:348,0
DA:351,0
DA:362,0
DA:363,0
DA:366,0
DA:367,0
DA:373,0
DA:374,0
DA:376,0
DA:377,0
DA:385,47
DA:386,0
DA:389,47
DA:390,42
DA:396,42
DA:404,0
DA:405,0
DA:453,0
DA:482,0
DA:496,47
DA:497,43
DA:553,76
DA:622,0
DA:637,44
DA:640,4
DA:655,4
LF:167
LH:74
BRDA:30,0,0,0
BRDA:30,0,1,0
BRDA:31,1,0,0
BRDA:31,1,1,0
BRDA:72,2,0,47
BRDA:72,2,1,0
BRDA:77,3,0,4
BRDA:77,3,1,0
BRDA:94,4,0,42
BRDA:94,4,1,3
BRDA:98,5,0,42
BRDA:98,5,1,0
BRDA:98,6,0,42
BRDA:98,6,1,0
BRDA:99,7,0,42
BRDA:99,7,1,0
BRDA:100,8,0,42
BRDA:100,8,1,0
BRDA:101,9,0,42
BRDA:101,9,1,0
BRDA:102,10,0,42
BRDA:102,10,1,0
BRDA:103,11,0,42
BRDA:103,11,1,0
BRDA:104,12,0,42
BRDA:104,12,1,0
BRDA:106,13,0,42
BRDA:106,13,1,0
BRDA:118,14,0,0
BRDA:118,14,1,6
BRDA:118,15,0,6
BRDA:118,15,1,0
BRDA:119,16,0,0
BRDA:119,16,1,6
BRDA:119,17,0,6
BRDA:119,17,1,0
BRDA:142,18,0,0
BRDA:142,18,1,0
BRDA:159,19,0,2
BRDA:159,19,1,1
BRDA:196,20,0,0
BRDA:196,20,1,0
BRDA:215,21,0,0
BRDA:215,21,1,0
BRDA:215,22,0,0
BRDA:215,22,1,0
BRDA:215,22,2,0
BRDA:238,23,0,0
BRDA:238,23,1,0
BRDA:258,24,0,0
BRDA:258,24,1,0
BRDA:259,25,0,0
BRDA:259,25,1,0
BRDA:267,26,0,0
BRDA:267,26,1,0
BRDA:269,27,0,0
BRDA:269,27,1,0
BRDA:269,28,0,0
BRDA:269,28,1,0
BRDA:274,29,0,0
BRDA:274,29,1,47
BRDA:280,30,0,43
BRDA:280,30,1,4
BRDA:296,31,0,0
BRDA:296,31,1,0
BRDA:304,32,0,0
BRDA:304,32,1,0
BRDA:310,33,0,0
BRDA:310,33,1,0
BRDA:313,34,0,0
BRDA:313,34,1,0
BRDA:327,35,0,0
BRDA:327,35,1,0
BRDA:328,36,0,0
BRDA:328,36,1,0
BRDA:331,37,0,0
BRDA:331,37,1,0
BRDA:332,38,0,0
BRDA:332,38,1,0
BRDA:333,39,0,0
BRDA:333,39,1,0
BRDA:334,40,0,0
BRDA:334,40,1,0
BRDA:346,41,0,0
BRDA:346,41,1,0
BRDA:390,42,0,34
BRDA:390,42,1,8
BRDA:392,43,0,8
BRDA:392,43,1,0
BRDA:416,44,0,8
BRDA:416,44,1,34
BRDA:433,45,0,42
BRDA:433,45,1,8
BRDA:433,45,2,4
BRDA:449,46,0,0
BRDA:449,46,1,42
BRDA:456,47,0,0
BRDA:456,47,1,42
BRDA:458,48,0,0
BRDA:458,48,1,42
BRDA:464,49,0,0
BRDA:464,49,1,42
BRDA:486,50,0,42
BRDA:486,50,1,34
BRDA:496,51,0,43
BRDA:496,51,1,4
BRDA:502,52,0,43
BRDA:502,52,1,5
BRDA:528,53,0,0
BRDA:528,53,1,43
BRDA:530,54,0,43
BRDA:530,54,1,5
BRDA:549,55,0,43
BRDA:549,55,1,38
BRDA:581,56,0,43
BRDA:581,56,1,43
BRDA:584,57,0,43
BRDA:584,57,1,5
BRDA:594,58,0,43
BRDA:594,58,1,43
BRDA:598,59,0,43
BRDA:598,59,1,5
BRDA:607,60,0,43
BRDA:607,60,1,5
BRDA:615,61,0,43
BRDA:615,61,1,5
BRDA:633,62,0,38
BRDA:633,62,1,5
BRF:128
BRH:59
end_of_record
TN:
SF:components/ThemedText.tsx
FN:11,ThemedText
FNF:1
FNH:1
FNDA:1,ThemedText
DA:18,1
DA:20,1
DA:36,1
LF:3
LH:3
BRDA:15,0,0,1
BRDA:24,1,0,1
BRDA:24,1,1,0
BRDA:25,2,0,0
BRDA:25,2,1,1
BRDA:26,3,0,0
BRDA:26,3,1,1
BRDA:27,4,0,0
BRDA:27,4,1,1
BRDA:28,5,0,0
BRDA:28,5,1,1
BRF:11
BRH:6
end_of_record
TN:
SF:constants/Colors.ts
FNF:0
FNH:0
DA:6,3
DA:7,3
DA:9,3
LF:3
LH:3
BRF:0
BRH:0
end_of_record
TN:
SF:hooks/useColorScheme.ts
FNF:0
FNH:0
LF:0
LH:0
BRF:0
BRH:0
end_of_record
TN:
SF:hooks/useThemeColor.ts
FN:9,useThemeColor
FNF:1
FNH:1
FNDA:1,useThemeColor
DA:13,1
DA:14,1
DA:16,1
DA:17,0
DA:19,1
LF:5
LH:4
BRDA:13,0,0,1
BRDA:13,0,1,0
BRDA:16,1,0,0
BRDA:16,1,1,1
BRF:4
BRH:2
end_of_record
