TN:
SF:app/(tabs)/chat.tsx
FN:30,ChatListScreen
FN:46,(anonymous_1)
FN:47,(anonymous_2)
FN:51,(anonymous_3)
FN:55,(anonymous_4)
FN:69,(anonymous_5)
FN:82,(anonymous_6)
FN:90,(anonymous_7)
FN:92,(anonymous_8)
FN:104,(anonymous_9)
FN:112,(anonymous_10)
FN:116,(anonymous_11)
FN:124,(anonymous_12)
FN:129,(anonymous_13)
FN:138,(anonymous_14)
FN:141,(anonymous_15)
FN:152,(anonymous_16)
FN:153,(anonymous_17)
FN:159,(anonymous_18)
FN:160,(anonymous_19)
FN:165,(anonymous_20)
FN:172,(anonymous_21)
FN:173,(anonymous_22)
FN:180,(anonymous_23)
FN:190,(anonymous_24)
FN:202,(anonymous_25)
FN:206,(anonymous_26)
FN:208,(anonymous_27)
FN:209,(anonymous_28)
FN:228,(anonymous_29)
FN:231,(anonymous_30)
FN:237,(anonymous_31)
FN:242,(anonymous_32)
FN:259,(anonymous_33)
FN:265,(anonymous_34)
FN:282,(anonymous_35)
FN:317,(anonymous_36)
FN:330,(anonymous_37)
FN:331,(anonymous_38)
FN:362,(anonymous_39)
FN:363,(anonymous_40)
FN:400,(anonymous_41)
FN:401,(anonymous_42)
FN:409,(anonymous_43)
FNF:44
FNH:14
FNDA:3,ChatListScreen
FNDA:1,(anonymous_1)
FNDA:1,(anonymous_2)
FNDA:1,(anonymous_3)
FNDA:2,(anonymous_4)
FNDA:4,(anonymous_5)
FNDA:2,(anonymous_6)
FNDA:0,(anonymous_7)
FNDA:0,(anonymous_8)
FNDA:0,(anonymous_9)
FNDA:2,(anonymous_10)
FNDA:1,(anonymous_11)
FNDA:2,(anonymous_12)
FNDA:0,(anonymous_13)
FNDA:0,(anonymous_14)
FNDA:0,(anonymous_15)
FNDA:0,(anonymous_16)
FNDA:0,(anonymous_17)
FNDA:2,(anonymous_18)
FNDA:0,(anonymous_19)
FNDA:1,(anonymous_20)
FNDA:0,(anonymous_21)
FNDA:0,(anonymous_22)
FNDA:0,(anonymous_23)
FNDA:0,(anonymous_24)
FNDA:0,(anonymous_25)
FNDA:2,(anonymous_26)
FNDA:0,(anonymous_27)
FNDA:0,(anonymous_28)
FNDA:1,(anonymous_29)
FNDA:0,(anonymous_30)
FNDA:0,(anonymous_31)
FNDA:0,(anonymous_32)
FNDA:0,(anonymous_33)
FNDA:0,(anonymous_34)
FNDA:0,(anonymous_35)
FNDA:0,(anonymous_36)
FNDA:0,(anonymous_37)
FNDA:0,(anonymous_38)
FNDA:0,(anonymous_39)
FNDA:0,(anonymous_40)
FNDA:0,(anonymous_41)
FNDA:0,(anonymous_42)
FNDA:0,(anonymous_43)
DA:31,3
DA:32,3
DA:33,3
DA:34,3
DA:35,3
DA:36,3
DA:37,3
DA:38,3
DA:39,3
DA:40,3
DA:41,3
DA:42,3
DA:43,3
DA:46,3
DA:47,1
DA:48,1
DA:51,1
DA:55,3
DA:56,2
DA:58,2
DA:60,2
DA:61,2
DA:63,2
DA:64,2
DA:65,2
DA:66,2
DA:69,4
DA:70,2
DA:72,0
DA:73,0
DA:76,0
DA:77,0
DA:82,3
DA:83,2
DA:86,2
DA:89,2
DA:90,2
DA:91,0
DA:93,0
DA:94,0
DA:104,0
DA:106,0
DA:109,0
DA:112,2
DA:116,3
DA:117,1
DA:118,0
DA:119,0
DA:124,3
DA:125,2
DA:127,2
DA:129,2
DA:131,0
DA:133,0
DA:134,0
DA:137,0
DA:138,0
DA:139,0
DA:140,0
DA:141,0
DA:146,0
DA:152,0
DA:153,0
DA:156,0
DA:159,2
DA:160,2
DA:165,3
DA:166,1
DA:168,0
DA:169,0
DA:170,0
DA:172,0
DA:173,0
DA:180,0
DA:181,0
DA:182,0
DA:188,0
DA:190,0
DA:191,0
DA:194,0
DA:196,0
DA:200,0
DA:202,0
DA:206,3
DA:207,2
DA:208,0
DA:210,0
DA:211,0
DA:214,0
DA:215,0
DA:216,0
DA:219,0
DA:220,0
DA:223,0
DA:228,3
DA:229,1
DA:231,0
DA:232,0
DA:237,3
DA:238,0
DA:239,0
DA:242,3
DA:243,0
DA:245,0
DA:246,0
DA:248,0
DA:256,0
DA:259,3
DA:260,0
DA:261,0
DA:265,3
DA:266,0
DA:269,3
DA:271,1
DA:282,0
DA:293,2
DA:294,0
DA:317,0
DA:330,0
DA:332,0
DA:362,0
DA:363,0
DA:388,2
DA:400,0
DA:402,0
DA:409,0
DA:459,1
LF:127
LH:57
BRDA:42,0,0,3
BRDA:42,0,1,0
BRDA:56,1,0,0
BRDA:56,1,1,2
BRDA:63,2,0,2
BRDA:63,2,1,0
BRDA:65,3,0,2
BRDA:65,3,1,0
BRDA:66,4,0,2
BRDA:66,4,1,0
BRDA:83,5,0,0
BRDA:83,5,1,2
BRDA:96,6,0,0
BRDA:96,6,1,0
BRDA:97,7,0,0
BRDA:97,7,1,0
BRDA:98,8,0,0
BRDA:98,8,1,0
BRDA:99,9,0,0
BRDA:99,9,1,0
BRDA:100,10,0,0
BRDA:100,10,1,0
BRDA:101,11,0,0
BRDA:101,11,1,0
BRDA:117,12,0,0
BRDA:117,12,1,1
BRDA:117,13,0,1
BRDA:117,13,1,1
BRDA:125,14,0,0
BRDA:125,14,1,2
BRDA:131,15,0,0
BRDA:131,15,1,0
BRDA:139,16,0,0
BRDA:139,16,1,0
BRDA:166,17,0,1
BRDA:166,17,1,0
BRDA:166,18,0,1
BRDA:166,18,1,0
BRDA:214,19,0,0
BRDA:214,19,1,0
BRDA:214,20,0,0
BRDA:214,20,1,0
BRDA:215,21,0,0
BRDA:215,21,1,0
BRDA:216,22,0,0
BRDA:216,22,1,0
BRDA:219,23,0,0
BRDA:219,23,1,0
BRDA:220,24,0,0
BRDA:220,24,1,0
BRDA:229,25,0,0
BRDA:229,25,1,1
BRDA:229,26,0,1
BRDA:229,26,1,0
BRDA:243,27,0,0
BRDA:243,27,1,0
BRDA:243,28,0,0
BRDA:243,28,1,0
BRDA:243,28,2,0
BRDA:269,29,0,1
BRDA:269,29,1,2
BRDA:278,30,0,1
BRDA:278,30,1,0
BRDA:293,31,0,0
BRDA:293,31,1,2
BRDA:293,32,0,2
BRDA:293,32,1,0
BRDA:297,33,0,0
BRDA:297,33,1,0
BRDA:298,34,0,0
BRDA:298,34,1,0
BRDA:330,35,0,0
BRDA:330,35,1,0
BRDA:334,36,0,0
BRDA:334,36,1,0
BRDA:339,37,0,0
BRDA:339,37,1,0
BRDA:341,38,0,0
BRDA:341,38,1,0
BRDA:343,39,0,0
BRDA:343,39,1,0
BRDA:344,40,0,0
BRDA:344,40,1,0
BRDA:354,41,0,0
BRDA:354,41,1,0
BRDA:356,42,0,0
BRDA:356,42,1,0
BRDA:391,43,0,2
BRDA:391,43,1,0
BRDA:406,44,0,0
BRDA:406,44,1,0
BRDA:413,45,0,0
BRDA:413,45,1,0
BRDA:431,46,0,0
BRDA:431,46,1,0
BRDA:436,47,0,0
BRDA:436,47,1,0
BRDA:442,48,0,0
BRDA:442,48,1,0
BRDA:447,49,0,0
BRDA:447,49,1,0
BRF:101
BRH:20
end_of_record
TN:
SF:components/ThemedText.tsx
FN:11,ThemedText
FNF:1
FNH:0
FNDA:0,ThemedText
DA:18,0
DA:20,0
DA:36,1
LF:3
LH:1
BRDA:15,0,0,0
BRDA:24,1,0,0
BRDA:24,1,1,0
BRDA:25,2,0,0
BRDA:25,2,1,0
BRDA:26,3,0,0
BRDA:26,3,1,0
BRDA:27,4,0,0
BRDA:27,4,1,0
BRDA:28,5,0,0
BRDA:28,5,1,0
BRF:11
BRH:0
end_of_record
TN:
SF:constants/Colors.ts
FNF:0
FNH:0
DA:6,2
DA:7,2
DA:9,2
LF:3
LH:3
BRF:0
BRH:0
end_of_record
TN:
SF:hooks/useColorScheme.ts
FNF:0
FNH:0
LF:0
LH:0
BRF:0
BRH:0
end_of_record
TN:
SF:hooks/useThemeColor.ts
FN:9,useThemeColor
FNF:1
FNH:0
FNDA:0,useThemeColor
DA:13,0
DA:14,0
DA:16,0
DA:17,0
DA:19,0
LF:5
LH:0
BRDA:13,0,0,0
BRDA:13,0,1,0
BRDA:16,1,0,0
BRDA:16,1,1,0
BRF:4
BRH:0
end_of_record
